{"/mnt/c/Users/sapet/quizix-pro/services/cors-validation-service.js": {"path":"/mnt/c/Users/sapet/quizix-pro/services/cors-validation-service.js","statementMap":{"0":{"start":{"line":6,"column":15},"end":{"line":6,"column":22}},"1":{"start":{"line":11,"column":8},"end":{"line":16,"column":11}},"2":{"start":{"line":19,"column":8},"end":{"line":19,"column":39}},"3":{"start":{"line":22,"column":8},"end":{"line":34,"column":10}},"4":{"start":{"line":37,"column":8},"end":{"line":59,"column":10}},"5":{"start":{"line":62,"column":8},"end":{"line":62,"column":118}},"6":{"start":{"line":63,"column":8},"end":{"line":63,"column":48}},"7":{"start":{"line":64,"column":8},"end":{"line":64,"column":70}},"8":{"start":{"line":74,"column":8},"end":{"line":76,"column":9}},"9":{"start":{"line":75,"column":12},"end":{"line":75,"column":24}},"10":{"start":{"line":79,"column":8},"end":{"line":81,"column":9}},"11":{"start":{"line":80,"column":12},"end":{"line":80,"column":24}},"12":{"start":{"line":84,"column":8},"end":{"line":88,"column":9}},"13":{"start":{"line":85,"column":31},"end":{"line":85,"column":64}},"14":{"start":{"line":86,"column":31},"end":{"line":86,"column":65}},"15":{"start":{"line":87,"column":12},"end":{"line":87,"column":44}},"16":{"start":{"line":91,"column":8},"end":{"line":93,"column":9}},"17":{"start":{"line":92,"column":12},"end":{"line":92,"column":53}},"18":{"start":{"line":96,"column":8},"end":{"line":96,"column":49}},"19":{"start":{"line":105,"column":8},"end":{"line":129,"column":9}},"20":{"start":{"line":106,"column":24},"end":{"line":106,"column":39}},"21":{"start":{"line":109,"column":12},"end":{"line":111,"column":13}},"22":{"start":{"line":110,"column":16},"end":{"line":110,"column":29}},"23":{"start":{"line":114,"column":12},"end":{"line":123,"column":13}},"24":{"start":{"line":115,"column":16},"end":{"line":122,"column":17}},"25":{"start":{"line":117,"column":20},"end":{"line":120,"column":21}},"26":{"start":{"line":118,"column":24},"end":{"line":118,"column":105}},"27":{"start":{"line":119,"column":24},"end":{"line":119,"column":37}},"28":{"start":{"line":121,"column":20},"end":{"line":121,"column":32}},"29":{"start":{"line":125,"column":12},"end":{"line":125,"column":25}},"30":{"start":{"line":127,"column":12},"end":{"line":127,"column":77}},"31":{"start":{"line":128,"column":12},"end":{"line":128,"column":25}},"32":{"start":{"line":138,"column":8},"end":{"line":157,"column":9}},"33":{"start":{"line":139,"column":24},"end":{"line":139,"column":39}},"34":{"start":{"line":142,"column":12},"end":{"line":144,"column":13}},"35":{"start":{"line":143,"column":16},"end":{"line":143,"column":29}},"36":{"start":{"line":147,"column":12},"end":{"line":151,"column":13}},"37":{"start":{"line":148,"column":16},"end":{"line":150,"column":17}},"38":{"start":{"line":149,"column":20},"end":{"line":149,"column":32}},"39":{"start":{"line":153,"column":12},"end":{"line":153,"column":25}},"40":{"start":{"line":155,"column":12},"end":{"line":155,"column":92}},"41":{"start":{"line":156,"column":12},"end":{"line":156,"column":25}},"42":{"start":{"line":164,"column":8},"end":{"line":184,"column":10}},"43":{"start":{"line":166,"column":16},"end":{"line":177,"column":17}},"44":{"start":{"line":168,"column":38},"end":{"line":168,"column":61}},"45":{"start":{"line":169,"column":20},"end":{"line":172,"column":21}},"46":{"start":{"line":170,"column":24},"end":{"line":170,"column":58}},"47":{"start":{"line":171,"column":24},"end":{"line":171,"column":78}},"48":{"start":{"line":173,"column":20},"end":{"line":173,"column":41}},"49":{"start":{"line":175,"column":20},"end":{"line":175,"column":67}},"50":{"start":{"line":176,"column":20},"end":{"line":176,"column":78}},"51":{"start":{"line":191,"column":8},"end":{"line":208,"column":10}},"52":{"start":{"line":193,"column":16},"end":{"line":204,"column":17}},"53":{"start":{"line":195,"column":38},"end":{"line":195,"column":75}},"54":{"start":{"line":196,"column":20},"end":{"line":199,"column":21}},"55":{"start":{"line":197,"column":24},"end":{"line":197,"column":58}},"56":{"start":{"line":198,"column":24},"end":{"line":198,"column":102}},"57":{"start":{"line":200,"column":20},"end":{"line":200,"column":41}},"58":{"start":{"line":202,"column":20},"end":{"line":202,"column":77}},"59":{"start":{"line":203,"column":20},"end":{"line":203,"column":88}},"60":{"start":{"line":216,"column":8},"end":{"line":221,"column":9}},"61":{"start":{"line":217,"column":12},"end":{"line":217,"column":44}},"62":{"start":{"line":218,"column":12},"end":{"line":218,"column":65}},"63":{"start":{"line":220,"column":12},"end":{"line":220,"column":67}},"64":{"start":{"line":229,"column":8},"end":{"line":231,"column":9}},"65":{"start":{"line":230,"column":12},"end":{"line":230,"column":67}},"66":{"start":{"line":240,"column":8},"end":{"line":245,"column":9}},"67":{"start":{"line":241,"column":24},"end":{"line":241,"column":39}},"68":{"start":{"line":242,"column":12},"end":{"line":242,"column":62}},"69":{"start":{"line":244,"column":12},"end":{"line":244,"column":25}},"70":{"start":{"line":252,"column":8},"end":{"line":257,"column":10}},"71":{"start":{"line":264,"column":8},"end":{"line":272,"column":11}},"72":{"start":{"line":276,"column":0},"end":{"line":276,"column":43}}},"fnMap":{"0":{"name":"(anonymous_0)","decl":{"start":{"line":9,"column":4},"end":{"line":9,"column":5}},"loc":{"start":{"line":9,"column":18},"end":{"line":65,"column":5}},"line":9},"1":{"name":"(anonymous_1)","decl":{"start":{"line":72,"column":4},"end":{"line":72,"column":5}},"loc":{"start":{"line":72,"column":28},"end":{"line":97,"column":5}},"line":72},"2":{"name":"(anonymous_2)","decl":{"start":{"line":104,"column":4},"end":{"line":104,"column":5}},"loc":{"start":{"line":104,"column":33},"end":{"line":130,"column":5}},"line":104},"3":{"name":"(anonymous_3)","decl":{"start":{"line":137,"column":4},"end":{"line":137,"column":5}},"loc":{"start":{"line":137,"column":34},"end":{"line":158,"column":5}},"line":137},"4":{"name":"(anonymous_4)","decl":{"start":{"line":163,"column":4},"end":{"line":163,"column":5}},"loc":{"start":{"line":163,"column":27},"end":{"line":185,"column":5}},"line":163},"5":{"name":"(anonymous_5)","decl":{"start":{"line":165,"column":20},"end":{"line":165,"column":21}},"loc":{"start":{"line":165,"column":42},"end":{"line":178,"column":13}},"line":165},"6":{"name":"(anonymous_6)","decl":{"start":{"line":190,"column":4},"end":{"line":190,"column":5}},"loc":{"start":{"line":190,"column":28},"end":{"line":209,"column":5}},"line":190},"7":{"name":"(anonymous_7)","decl":{"start":{"line":192,"column":20},"end":{"line":192,"column":21}},"loc":{"start":{"line":192,"column":42},"end":{"line":205,"column":13}},"line":192},"8":{"name":"(anonymous_8)","decl":{"start":{"line":215,"column":4},"end":{"line":215,"column":5}},"loc":{"start":{"line":215,"column":29},"end":{"line":222,"column":5}},"line":215},"9":{"name":"(anonymous_9)","decl":{"start":{"line":228,"column":4},"end":{"line":228,"column":5}},"loc":{"start":{"line":228,"column":32},"end":{"line":232,"column":5}},"line":228},"10":{"name":"(anonymous_10)","decl":{"start":{"line":239,"column":4},"end":{"line":239,"column":5}},"loc":{"start":{"line":239,"column":26},"end":{"line":246,"column":5}},"line":239},"11":{"name":"(anonymous_11)","decl":{"start":{"line":251,"column":4},"end":{"line":251,"column":5}},"loc":{"start":{"line":251,"column":15},"end":{"line":258,"column":5}},"line":251},"12":{"name":"(anonymous_12)","decl":{"start":{"line":263,"column":4},"end":{"line":263,"column":5}},"loc":{"start":{"line":263,"column":23},"end":{"line":273,"column":5}},"line":263}},"branchMap":{"0":{"loc":{"start":{"line":62,"column":28},"end":{"line":62,"column":117}},"type":"binary-expr","locations":[{"start":{"line":62,"column":28},"end":{"line":62,"column":65}},{"start":{"line":62,"column":69},"end":{"line":62,"column":117}}],"line":62},"1":{"loc":{"start":{"line":74,"column":8},"end":{"line":76,"column":9}},"type":"if","locations":[{"start":{"line":74,"column":8},"end":{"line":76,"column":9}},{"start":{},"end":{}}],"line":74},"2":{"loc":{"start":{"line":79,"column":8},"end":{"line":81,"column":9}},"type":"if","locations":[{"start":{"line":79,"column":8},"end":{"line":81,"column":9}},{"start":{},"end":{}}],"line":79},"3":{"loc":{"start":{"line":84,"column":8},"end":{"line":88,"column":9}},"type":"if","locations":[{"start":{"line":84,"column":8},"end":{"line":88,"column":9}},{"start":{},"end":{}}],"line":84},"4":{"loc":{"start":{"line":87,"column":19},"end":{"line":87,"column":43}},"type":"binary-expr","locations":[{"start":{"line":87,"column":19},"end":{"line":87,"column":29}},{"start":{"line":87,"column":33},"end":{"line":87,"column":43}}],"line":87},"5":{"loc":{"start":{"line":91,"column":8},"end":{"line":93,"column":9}},"type":"if","locations":[{"start":{"line":91,"column":8},"end":{"line":93,"column":9}},{"start":{},"end":{}}],"line":91},"6":{"loc":{"start":{"line":109,"column":12},"end":{"line":111,"column":13}},"type":"if","locations":[{"start":{"line":109,"column":12},"end":{"line":111,"column":13}},{"start":{},"end":{}}],"line":109},"7":{"loc":{"start":{"line":115,"column":16},"end":{"line":122,"column":17}},"type":"if","locations":[{"start":{"line":115,"column":16},"end":{"line":122,"column":17}},{"start":{},"end":{}}],"line":115},"8":{"loc":{"start":{"line":117,"column":20},"end":{"line":120,"column":21}},"type":"if","locations":[{"start":{"line":117,"column":20},"end":{"line":120,"column":21}},{"start":{},"end":{}}],"line":117},"9":{"loc":{"start":{"line":117,"column":24},"end":{"line":117,"column":68}},"type":"binary-expr","locations":[{"start":{"line":117,"column":24},"end":{"line":117,"column":32}},{"start":{"line":117,"column":36},"end":{"line":117,"column":68}}],"line":117},"10":{"loc":{"start":{"line":142,"column":12},"end":{"line":144,"column":13}},"type":"if","locations":[{"start":{"line":142,"column":12},"end":{"line":144,"column":13}},{"start":{},"end":{}}],"line":142},"11":{"loc":{"start":{"line":148,"column":16},"end":{"line":150,"column":17}},"type":"if","locations":[{"start":{"line":148,"column":16},"end":{"line":150,"column":17}},{"start":{},"end":{}}],"line":148},"12":{"loc":{"start":{"line":166,"column":16},"end":{"line":177,"column":17}},"type":"if","locations":[{"start":{"line":166,"column":16},"end":{"line":177,"column":17}},{"start":{"line":174,"column":23},"end":{"line":177,"column":17}}],"line":166},"13":{"loc":{"start":{"line":168,"column":38},"end":{"line":168,"column":61}},"type":"binary-expr","locations":[{"start":{"line":168,"column":38},"end":{"line":168,"column":44}},{"start":{"line":168,"column":48},"end":{"line":168,"column":61}}],"line":168},"14":{"loc":{"start":{"line":169,"column":20},"end":{"line":172,"column":21}},"type":"if","locations":[{"start":{"line":169,"column":20},"end":{"line":172,"column":21}},{"start":{},"end":{}}],"line":169},"15":{"loc":{"start":{"line":193,"column":16},"end":{"line":204,"column":17}},"type":"if","locations":[{"start":{"line":193,"column":16},"end":{"line":204,"column":17}},{"start":{"line":201,"column":23},"end":{"line":204,"column":17}}],"line":193},"16":{"loc":{"start":{"line":195,"column":50},"end":{"line":195,"column":73}},"type":"binary-expr","locations":[{"start":{"line":195,"column":50},"end":{"line":195,"column":56}},{"start":{"line":195,"column":60},"end":{"line":195,"column":73}}],"line":195},"17":{"loc":{"start":{"line":196,"column":20},"end":{"line":199,"column":21}},"type":"if","locations":[{"start":{"line":196,"column":20},"end":{"line":199,"column":21}},{"start":{},"end":{}}],"line":196},"18":{"loc":{"start":{"line":198,"column":75},"end":{"line":198,"column":98}},"type":"binary-expr","locations":[{"start":{"line":198,"column":75},"end":{"line":198,"column":81}},{"start":{"line":198,"column":85},"end":{"line":198,"column":98}}],"line":198},"19":{"loc":{"start":{"line":216,"column":8},"end":{"line":221,"column":9}},"type":"if","locations":[{"start":{"line":216,"column":8},"end":{"line":221,"column":9}},{"start":{"line":219,"column":15},"end":{"line":221,"column":9}}],"line":216},"20":{"loc":{"start":{"line":229,"column":8},"end":{"line":231,"column":9}},"type":"if","locations":[{"start":{"line":229,"column":8},"end":{"line":231,"column":9}},{"start":{},"end":{}}],"line":229},"21":{"loc":{"start":{"line":265,"column":25},"end":{"line":265,"column":74}},"type":"cond-expr","locations":[{"start":{"line":265,"column":46},"end":{"line":265,"column":59}},{"start":{"line":265,"column":62},"end":{"line":265,"column":74}}],"line":265}},"s":{"0":0,"1":0,"2":0,"3":0,"4":0,"5":0,"6":0,"7":0,"8":0,"9":0,"10":0,"11":0,"12":0,"13":0,"14":0,"15":0,"16":0,"17":0,"18":0,"19":0,"20":0,"21":0,"22":0,"23":0,"24":0,"25":0,"26":0,"27":0,"28":0,"29":0,"30":0,"31":0,"32":0,"33":0,"34":0,"35":0,"36":0,"37":0,"38":0,"39":0,"40":0,"41":0,"42":0,"43":0,"44":0,"45":0,"46":0,"47":0,"48":0,"49":0,"50":0,"51":0,"52":0,"53":0,"54":0,"55":0,"56":0,"57":0,"58":0,"59":0,"60":0,"61":0,"62":0,"63":0,"64":0,"65":0,"66":0,"67":0,"68":0,"69":0,"70":0,"71":0,"72":0},"f":{"0":0,"1":0,"2":0,"3":0,"4":0,"5":0,"6":0,"7":0,"8":0,"9":0,"10":0,"11":0,"12":0},"b":{"0":[0,0],"1":[0,0],"2":[0,0],"3":[0,0],"4":[0,0],"5":[0,0],"6":[0,0],"7":[0,0],"8":[0,0],"9":[0,0],"10":[0,0],"11":[0,0],"12":[0,0],"13":[0,0],"14":[0,0],"15":[0,0],"16":[0,0],"17":[0,0],"18":[0,0],"19":[0,0],"20":[0,0],"21":[0,0]}}
,"/mnt/c/Users/sapet/quizix-pro/services/game-session-service.js": {"path":"/mnt/c/Users/sapet/quizix-pro/services/game-session-service.js","statementMap":{"0":{"start":{"line":11,"column":23},"end":{"line":11,"column":38}},"1":{"start":{"line":12,"column":32},"end":{"line":12,"column":66}},"2":{"start":{"line":16,"column":8},"end":{"line":16,"column":29}},"3":{"start":{"line":17,"column":8},"end":{"line":17,"column":29}},"4":{"start":{"line":18,"column":8},"end":{"line":18,"column":31}},"5":{"start":{"line":19,"column":8},"end":{"line":19,"column":36}},"6":{"start":{"line":22,"column":8},"end":{"line":22,"column":36}},"7":{"start":{"line":31,"column":8},"end":{"line":33,"column":27}},"8":{"start":{"line":32,"column":12},"end":{"line":32,"column":37}},"9":{"start":{"line":36,"column":8},"end":{"line":38,"column":26}},"10":{"start":{"line":37,"column":12},"end":{"line":37,"column":37}},"11":{"start":{"line":45,"column":8},"end":{"line":48,"column":9}},"12":{"start":{"line":46,"column":12},"end":{"line":46,"column":48}},"13":{"start":{"line":47,"column":12},"end":{"line":47,"column":40}},"14":{"start":{"line":57,"column":8},"end":{"line":59,"column":38}},"15":{"start":{"line":58,"column":12},"end":{"line":58,"column":73}},"16":{"start":{"line":60,"column":8},"end":{"line":60,"column":19}},"17":{"start":{"line":69,"column":20},"end":{"line":69,"column":30}},"18":{"start":{"line":70,"column":27},"end":{"line":70,"column":29}},"19":{"start":{"line":72,"column":8},"end":{"line":80,"column":9}},"20":{"start":{"line":73,"column":24},"end":{"line":73,"column":53}},"21":{"start":{"line":74,"column":28},"end":{"line":74,"column":42}},"22":{"start":{"line":75,"column":36},"end":{"line":75,"column":113}},"23":{"start":{"line":77,"column":12},"end":{"line":79,"column":13}},"24":{"start":{"line":78,"column":16},"end":{"line":78,"column":89}},"25":{"start":{"line":82,"column":8},"end":{"line":89,"column":9}},"26":{"start":{"line":83,"column":25},"end":{"line":83,"column":44}},"27":{"start":{"line":84,"column":12},"end":{"line":88,"column":13}},"28":{"start":{"line":85,"column":16},"end":{"line":85,"column":35}},"29":{"start":{"line":86,"column":16},"end":{"line":86,"column":39}},"30":{"start":{"line":87,"column":16},"end":{"line":87,"column":77}},"31":{"start":{"line":91,"column":8},"end":{"line":93,"column":9}},"32":{"start":{"line":92,"column":12},"end":{"line":92,"column":77}},"33":{"start":{"line":103,"column":21},"end":{"line":103,"column":69}},"34":{"start":{"line":104,"column":8},"end":{"line":104,"column":39}},"35":{"start":{"line":105,"column":8},"end":{"line":105,"column":63}},"36":{"start":{"line":106,"column":8},"end":{"line":106,"column":20}},"37":{"start":{"line":115,"column":8},"end":{"line":115,"column":35}},"38":{"start":{"line":123,"column":8},"end":{"line":123,"column":26}},"39":{"start":{"line":132,"column":8},"end":{"line":132,"column":78}},"40":{"start":{"line":132,"column":57},"end":{"line":132,"column":76}},"41":{"start":{"line":140,"column":21},"end":{"line":140,"column":40}},"42":{"start":{"line":141,"column":8},"end":{"line":145,"column":9}},"43":{"start":{"line":142,"column":12},"end":{"line":142,"column":27}},"44":{"start":{"line":143,"column":12},"end":{"line":143,"column":35}},"45":{"start":{"line":144,"column":12},"end":{"line":144,"column":52}},"46":{"start":{"line":153,"column":8},"end":{"line":161,"column":11}},"47":{"start":{"line":154,"column":12},"end":{"line":160,"column":13}},"48":{"start":{"line":155,"column":35},"end":{"line":155,"column":70}},"49":{"start":{"line":156,"column":16},"end":{"line":159,"column":17}},"50":{"start":{"line":157,"column":20},"end":{"line":157,"column":41}},"51":{"start":{"line":158,"column":20},"end":{"line":158,"column":73}},"52":{"start":{"line":170,"column":8},"end":{"line":170,"column":36}},"53":{"start":{"line":171,"column":8},"end":{"line":171,"column":50}},"54":{"start":{"line":173,"column":8},"end":{"line":178,"column":11}},"55":{"start":{"line":181,"column":8},"end":{"line":181,"column":50}},"56":{"start":{"line":191,"column":8},"end":{"line":206,"column":48}},"57":{"start":{"line":192,"column":12},"end":{"line":192,"column":35}},"58":{"start":{"line":193,"column":12},"end":{"line":205,"column":13}},"59":{"start":{"line":194,"column":16},"end":{"line":196,"column":17}},"60":{"start":{"line":195,"column":20},"end":{"line":195,"column":27}},"61":{"start":{"line":198,"column":16},"end":{"line":202,"column":17}},"62":{"start":{"line":199,"column":20},"end":{"line":199,"column":49}},"63":{"start":{"line":201,"column":20},"end":{"line":201,"column":43}},"64":{"start":{"line":204,"column":16},"end":{"line":204,"column":102}},"65":{"start":{"line":215,"column":8},"end":{"line":218,"column":9}},"66":{"start":{"line":216,"column":12},"end":{"line":216,"column":35}},"67":{"start":{"line":217,"column":12},"end":{"line":217,"column":19}},"68":{"start":{"line":220,"column":25},"end":{"line":220,"column":66}},"69":{"start":{"line":221,"column":26},"end":{"line":221,"column":67}},"70":{"start":{"line":223,"column":8},"end":{"line":223,"column":36}},"71":{"start":{"line":224,"column":8},"end":{"line":224,"column":44}},"72":{"start":{"line":226,"column":29},"end":{"line":234,"column":9}},"73":{"start":{"line":236,"column":8},"end":{"line":236,"column":71}},"74":{"start":{"line":239,"column":8},"end":{"line":245,"column":29}},"75":{"start":{"line":240,"column":12},"end":{"line":244,"column":13}},"76":{"start":{"line":241,"column":16},"end":{"line":241,"column":63}},"77":{"start":{"line":243,"column":16},"end":{"line":243,"column":100}},"78":{"start":{"line":256,"column":8},"end":{"line":259,"column":9}},"79":{"start":{"line":257,"column":12},"end":{"line":257,"column":101}},"80":{"start":{"line":258,"column":12},"end":{"line":258,"column":19}},"81":{"start":{"line":262,"column":8},"end":{"line":265,"column":9}},"82":{"start":{"line":263,"column":12},"end":{"line":263,"column":82}},"83":{"start":{"line":264,"column":12},"end":{"line":264,"column":19}},"84":{"start":{"line":268,"column":8},"end":{"line":271,"column":9}},"85":{"start":{"line":269,"column":12},"end":{"line":269,"column":45}},"86":{"start":{"line":270,"column":12},"end":{"line":270,"column":38}},"87":{"start":{"line":274,"column":8},"end":{"line":274,"column":41}},"88":{"start":{"line":276,"column":8},"end":{"line":276,"column":27}},"89":{"start":{"line":279,"column":8},"end":{"line":283,"column":9}},"90":{"start":{"line":280,"column":12},"end":{"line":280,"column":97}},"91":{"start":{"line":281,"column":12},"end":{"line":281,"column":49}},"92":{"start":{"line":282,"column":12},"end":{"line":282,"column":19}},"93":{"start":{"line":285,"column":30},"end":{"line":285,"column":52}},"94":{"start":{"line":286,"column":28},"end":{"line":286,"column":30}},"95":{"start":{"line":288,"column":8},"end":{"line":314,"column":9}},"96":{"start":{"line":290,"column":16},"end":{"line":290,"column":123}},"97":{"start":{"line":291,"column":16},"end":{"line":291,"column":22}},"98":{"start":{"line":293,"column":39},"end":{"line":293,"column":68}},"99":{"start":{"line":295,"column":16},"end":{"line":298,"column":32}},"100":{"start":{"line":296,"column":35},"end":{"line":296,"column":96}},"101":{"start":{"line":297,"column":32},"end":{"line":297,"column":53}},"102":{"start":{"line":299,"column":16},"end":{"line":299,"column":22}},"103":{"start":{"line":301,"column":16},"end":{"line":301,"column":46}},"104":{"start":{"line":302,"column":16},"end":{"line":302,"column":22}},"105":{"start":{"line":304,"column":16},"end":{"line":304,"column":57}},"106":{"start":{"line":305,"column":16},"end":{"line":305,"column":22}},"107":{"start":{"line":307,"column":37},"end":{"line":307,"column":64}},"108":{"start":{"line":309,"column":16},"end":{"line":312,"column":33}},"109":{"start":{"line":310,"column":35},"end":{"line":310,"column":96}},"110":{"start":{"line":311,"column":32},"end":{"line":311,"column":53}},"111":{"start":{"line":313,"column":16},"end":{"line":313,"column":22}},"112":{"start":{"line":316,"column":28},"end":{"line":322,"column":9}},"113":{"start":{"line":325,"column":8},"end":{"line":327,"column":9}},"114":{"start":{"line":326,"column":12},"end":{"line":326,"column":71}},"115":{"start":{"line":329,"column":8},"end":{"line":329,"column":72}},"116":{"start":{"line":332,"column":28},"end":{"line":332,"column":54}},"117":{"start":{"line":333,"column":8},"end":{"line":333,"column":66}},"118":{"start":{"line":336,"column":8},"end":{"line":351,"column":11}},"119":{"start":{"line":337,"column":33},"end":{"line":337,"column":69}},"120":{"start":{"line":338,"column":31},"end":{"line":345,"column":13}},"121":{"start":{"line":347,"column":12},"end":{"line":349,"column":13}},"122":{"start":{"line":348,"column":16},"end":{"line":348,"column":71}},"123":{"start":{"line":350,"column":12},"end":{"line":350,"column":62}},"124":{"start":{"line":354,"column":8},"end":{"line":354,"column":45}},"125":{"start":{"line":363,"column":8},"end":{"line":365,"column":9}},"126":{"start":{"line":364,"column":12},"end":{"line":364,"column":19}},"127":{"start":{"line":367,"column":8},"end":{"line":367,"column":32}},"128":{"start":{"line":369,"column":8},"end":{"line":372,"column":9}},"129":{"start":{"line":370,"column":12},"end":{"line":370,"column":44}},"130":{"start":{"line":371,"column":12},"end":{"line":371,"column":37}},"131":{"start":{"line":374,"column":8},"end":{"line":426,"column":56}},"132":{"start":{"line":375,"column":12},"end":{"line":425,"column":13}},"133":{"start":{"line":376,"column":16},"end":{"line":379,"column":17}},"134":{"start":{"line":377,"column":20},"end":{"line":377,"column":45}},"135":{"start":{"line":378,"column":20},"end":{"line":378,"column":27}},"136":{"start":{"line":381,"column":16},"end":{"line":381,"column":41}},"137":{"start":{"line":383,"column":16},"end":{"line":385,"column":19}},"138":{"start":{"line":387,"column":41},"end":{"line":387,"column":96}},"139":{"start":{"line":389,"column":16},"end":{"line":421,"column":17}},"140":{"start":{"line":391,"column":20},"end":{"line":393,"column":23}},"141":{"start":{"line":394,"column":20},"end":{"line":394,"column":45}},"142":{"start":{"line":397,"column":20},"end":{"line":399,"column":23}},"143":{"start":{"line":402,"column":20},"end":{"line":420,"column":68}},"144":{"start":{"line":403,"column":24},"end":{"line":419,"column":25}},"145":{"start":{"line":404,"column":28},"end":{"line":404,"column":57}},"146":{"start":{"line":405,"column":28},"end":{"line":408,"column":29}},"147":{"start":{"line":406,"column":32},"end":{"line":406,"column":57}},"148":{"start":{"line":407,"column":32},"end":{"line":407,"column":39}},"149":{"start":{"line":410,"column":28},"end":{"line":414,"column":29}},"150":{"start":{"line":411,"column":32},"end":{"line":411,"column":61}},"151":{"start":{"line":413,"column":32},"end":{"line":413,"column":55}},"152":{"start":{"line":415,"column":28},"end":{"line":415,"column":53}},"153":{"start":{"line":417,"column":28},"end":{"line":417,"column":105}},"154":{"start":{"line":418,"column":28},"end":{"line":418,"column":53}},"155":{"start":{"line":423,"column":16},"end":{"line":423,"column":97}},"156":{"start":{"line":424,"column":16},"end":{"line":424,"column":41}},"157":{"start":{"line":435,"column":8},"end":{"line":435,"column":61}},"158":{"start":{"line":437,"column":8},"end":{"line":440,"column":9}},"159":{"start":{"line":438,"column":12},"end":{"line":438,"column":66}},"160":{"start":{"line":439,"column":12},"end":{"line":439,"column":19}},"161":{"start":{"line":442,"column":8},"end":{"line":446,"column":9}},"162":{"start":{"line":443,"column":12},"end":{"line":443,"column":75}},"163":{"start":{"line":444,"column":12},"end":{"line":444,"column":56}},"164":{"start":{"line":445,"column":12},"end":{"line":445,"column":19}},"165":{"start":{"line":448,"column":8},"end":{"line":448,"column":32}},"166":{"start":{"line":450,"column":8},"end":{"line":453,"column":9}},"167":{"start":{"line":451,"column":12},"end":{"line":451,"column":44}},"168":{"start":{"line":452,"column":12},"end":{"line":452,"column":37}},"169":{"start":{"line":455,"column":8},"end":{"line":455,"column":52}},"170":{"start":{"line":457,"column":8},"end":{"line":459,"column":11}},"171":{"start":{"line":462,"column":8},"end":{"line":478,"column":56}},"172":{"start":{"line":463,"column":12},"end":{"line":477,"column":13}},"173":{"start":{"line":464,"column":16},"end":{"line":464,"column":41}},"174":{"start":{"line":465,"column":41},"end":{"line":465,"column":60}},"175":{"start":{"line":467,"column":16},"end":{"line":471,"column":17}},"176":{"start":{"line":468,"column":20},"end":{"line":468,"column":49}},"177":{"start":{"line":470,"column":20},"end":{"line":470,"column":43}},"178":{"start":{"line":473,"column":16},"end":{"line":473,"column":41}},"179":{"start":{"line":475,"column":16},"end":{"line":475,"column":103}},"180":{"start":{"line":476,"column":16},"end":{"line":476,"column":41}},"181":{"start":{"line":487,"column":8},"end":{"line":487,"column":53}},"182":{"start":{"line":489,"column":8},"end":{"line":492,"column":9}},"183":{"start":{"line":490,"column":12},"end":{"line":490,"column":73}},"184":{"start":{"line":491,"column":12},"end":{"line":491,"column":19}},"185":{"start":{"line":494,"column":8},"end":{"line":494,"column":36}},"186":{"start":{"line":495,"column":8},"end":{"line":495,"column":48}},"187":{"start":{"line":496,"column":8},"end":{"line":496,"column":33}},"188":{"start":{"line":499,"column":8},"end":{"line":502,"column":9}},"189":{"start":{"line":500,"column":12},"end":{"line":500,"column":45}},"190":{"start":{"line":501,"column":12},"end":{"line":501,"column":38}},"191":{"start":{"line":503,"column":8},"end":{"line":506,"column":9}},"192":{"start":{"line":504,"column":12},"end":{"line":504,"column":44}},"193":{"start":{"line":505,"column":12},"end":{"line":505,"column":37}},"194":{"start":{"line":507,"column":8},"end":{"line":510,"column":9}},"195":{"start":{"line":508,"column":12},"end":{"line":508,"column":48}},"196":{"start":{"line":509,"column":12},"end":{"line":509,"column":41}},"197":{"start":{"line":512,"column":8},"end":{"line":512,"column":52}},"198":{"start":{"line":514,"column":8},"end":{"line":514,"column":33}},"199":{"start":{"line":515,"column":8},"end":{"line":515,"column":27}},"200":{"start":{"line":518,"column":8},"end":{"line":525,"column":17}},"201":{"start":{"line":519,"column":12},"end":{"line":524,"column":13}},"202":{"start":{"line":520,"column":16},"end":{"line":522,"column":19}},"203":{"start":{"line":523,"column":16},"end":{"line":523,"column":94}},"204":{"start":{"line":534,"column":8},"end":{"line":534,"column":27}},"205":{"start":{"line":535,"column":8},"end":{"line":535,"column":38}},"206":{"start":{"line":536,"column":8},"end":{"line":536,"column":29}},"207":{"start":{"line":537,"column":8},"end":{"line":537,"column":25}},"208":{"start":{"line":538,"column":8},"end":{"line":538,"column":33}},"209":{"start":{"line":539,"column":8},"end":{"line":539,"column":34}},"210":{"start":{"line":540,"column":8},"end":{"line":540,"column":33}},"211":{"start":{"line":541,"column":8},"end":{"line":541,"column":38}},"212":{"start":{"line":542,"column":8},"end":{"line":542,"column":30}},"213":{"start":{"line":543,"column":8},"end":{"line":543,"column":34}},"214":{"start":{"line":544,"column":8},"end":{"line":544,"column":33}},"215":{"start":{"line":545,"column":8},"end":{"line":545,"column":37}},"216":{"start":{"line":546,"column":8},"end":{"line":546,"column":31}},"217":{"start":{"line":547,"column":8},"end":{"line":547,"column":34}},"218":{"start":{"line":548,"column":8},"end":{"line":548,"column":33}},"219":{"start":{"line":549,"column":8},"end":{"line":549,"column":41}},"220":{"start":{"line":550,"column":8},"end":{"line":550,"column":30}},"221":{"start":{"line":551,"column":8},"end":{"line":551,"column":28}},"222":{"start":{"line":552,"column":8},"end":{"line":552,"column":36}},"223":{"start":{"line":553,"column":8},"end":{"line":553,"column":65}},"224":{"start":{"line":554,"column":8},"end":{"line":554,"column":61}},"225":{"start":{"line":555,"column":8},"end":{"line":555,"column":29}},"226":{"start":{"line":556,"column":8},"end":{"line":556,"column":29}},"227":{"start":{"line":560,"column":8},"end":{"line":560,"column":56}},"228":{"start":{"line":567,"column":8},"end":{"line":567,"column":70}},"229":{"start":{"line":576,"column":27},"end":{"line":582,"column":9}},"230":{"start":{"line":584,"column":8},"end":{"line":584,"column":47}},"231":{"start":{"line":592,"column":8},"end":{"line":596,"column":10}},"232":{"start":{"line":604,"column":8},"end":{"line":604,"column":38}},"233":{"start":{"line":614,"column":8},"end":{"line":616,"column":9}},"234":{"start":{"line":615,"column":12},"end":{"line":615,"column":84}},"235":{"start":{"line":618,"column":23},"end":{"line":618,"column":49}},"236":{"start":{"line":619,"column":8},"end":{"line":621,"column":9}},"237":{"start":{"line":620,"column":12},"end":{"line":620,"column":94}},"238":{"start":{"line":623,"column":24},"end":{"line":623,"column":52}},"239":{"start":{"line":624,"column":8},"end":{"line":626,"column":9}},"240":{"start":{"line":625,"column":12},"end":{"line":625,"column":106}},"241":{"start":{"line":628,"column":8},"end":{"line":628,"column":28}},"242":{"start":{"line":629,"column":8},"end":{"line":629,"column":34}},"243":{"start":{"line":631,"column":23},"end":{"line":631,"column":59}},"244":{"start":{"line":633,"column":8},"end":{"line":642,"column":9}},"245":{"start":{"line":634,"column":29},"end":{"line":634,"column":70}},"246":{"start":{"line":635,"column":12},"end":{"line":637,"column":13}},"247":{"start":{"line":636,"column":16},"end":{"line":636,"column":77}},"248":{"start":{"line":638,"column":15},"end":{"line":642,"column":9}},"249":{"start":{"line":639,"column":12},"end":{"line":639,"column":37}},"250":{"start":{"line":640,"column":15},"end":{"line":642,"column":9}},"251":{"start":{"line":641,"column":12},"end":{"line":641,"column":34}},"252":{"start":{"line":644,"column":8},"end":{"line":644,"column":78}},"253":{"start":{"line":645,"column":8},"end":{"line":645,"column":22}},"254":{"start":{"line":654,"column":30},"end":{"line":654,"column":52}},"255":{"start":{"line":655,"column":29},"end":{"line":655,"column":58}},"256":{"start":{"line":656,"column":29},"end":{"line":656,"column":31}},"257":{"start":{"line":658,"column":8},"end":{"line":660,"column":9}},"258":{"start":{"line":658,"column":21},"end":{"line":658,"column":22}},"259":{"start":{"line":659,"column":12},"end":{"line":659,"column":58}},"260":{"start":{"line":659,"column":37},"end":{"line":659,"column":58}},"261":{"start":{"line":662,"column":26},"end":{"line":662,"column":60}},"262":{"start":{"line":663,"column":25},"end":{"line":663,"column":69}},"263":{"start":{"line":663,"column":49},"end":{"line":663,"column":68}},"264":{"start":{"line":664,"column":8},"end":{"line":664,"column":44}},"265":{"start":{"line":673,"column":29},"end":{"line":673,"column":84}},"266":{"start":{"line":674,"column":8},"end":{"line":677,"column":9}},"267":{"start":{"line":675,"column":12},"end":{"line":675,"column":40}},"268":{"start":{"line":676,"column":12},"end":{"line":676,"column":21}},"269":{"start":{"line":678,"column":8},"end":{"line":678,"column":17}},"270":{"start":{"line":686,"column":34},"end":{"line":686,"column":58}},"271":{"start":{"line":687,"column":24},"end":{"line":687,"column":70}},"272":{"start":{"line":689,"column":8},"end":{"line":695,"column":11}},"273":{"start":{"line":697,"column":8},"end":{"line":706,"column":9}},"274":{"start":{"line":698,"column":12},"end":{"line":698,"column":53}},"275":{"start":{"line":699,"column":12},"end":{"line":699,"column":40}},"276":{"start":{"line":700,"column":12},"end":{"line":700,"column":38}},"277":{"start":{"line":701,"column":12},"end":{"line":701,"column":37}},"278":{"start":{"line":702,"column":12},"end":{"line":702,"column":41}},"279":{"start":{"line":703,"column":12},"end":{"line":703,"column":82}},"280":{"start":{"line":705,"column":12},"end":{"line":705,"column":69}},"281":{"start":{"line":708,"column":8},"end":{"line":708,"column":23}},"282":{"start":{"line":715,"column":8},"end":{"line":715,"column":37}},"283":{"start":{"line":716,"column":8},"end":{"line":719,"column":9}},"284":{"start":{"line":717,"column":12},"end":{"line":717,"column":45}},"285":{"start":{"line":718,"column":12},"end":{"line":718,"column":38}},"286":{"start":{"line":720,"column":8},"end":{"line":723,"column":9}},"287":{"start":{"line":721,"column":12},"end":{"line":721,"column":44}},"288":{"start":{"line":722,"column":12},"end":{"line":722,"column":37}},"289":{"start":{"line":734,"column":23},"end":{"line":734,"column":49}},"290":{"start":{"line":735,"column":8},"end":{"line":735,"column":34}},"291":{"start":{"line":735,"column":21},"end":{"line":735,"column":34}},"292":{"start":{"line":737,"column":25},"end":{"line":737,"column":66}},"293":{"start":{"line":738,"column":29},"end":{"line":738,"column":63}},"294":{"start":{"line":741,"column":33},"end":{"line":741,"column":67}},"295":{"start":{"line":742,"column":33},"end":{"line":742,"column":86}},"296":{"start":{"line":743,"column":24},"end":{"line":743,"column":111}},"297":{"start":{"line":745,"column":24},"end":{"line":750,"column":9}},"298":{"start":{"line":752,"column":26},"end":{"line":752,"column":61}},"299":{"start":{"line":753,"column":29},"end":{"line":753,"column":63}},"300":{"start":{"line":756,"column":34},"end":{"line":756,"column":75}},"301":{"start":{"line":757,"column":35},"end":{"line":757,"column":77}},"302":{"start":{"line":758,"column":37},"end":{"line":760,"column":16}},"303":{"start":{"line":762,"column":33},"end":{"line":762,"column":77}},"304":{"start":{"line":766,"column":35},"end":{"line":766,"column":78}},"305":{"start":{"line":770,"column":8},"end":{"line":776,"column":9}},"306":{"start":{"line":772,"column":12},"end":{"line":772,"column":37}},"307":{"start":{"line":775,"column":12},"end":{"line":775,"column":62}},"308":{"start":{"line":778,"column":27},"end":{"line":778,"column":81}},"309":{"start":{"line":779,"column":32},"end":{"line":781,"column":15}},"310":{"start":{"line":784,"column":21},"end":{"line":784,"column":22}},"311":{"start":{"line":785,"column":27},"end":{"line":785,"column":31}},"312":{"start":{"line":786,"column":8},"end":{"line":796,"column":9}},"313":{"start":{"line":788,"column":12},"end":{"line":788,"column":37}},"314":{"start":{"line":789,"column":12},"end":{"line":789,"column":76}},"315":{"start":{"line":792,"column":31},"end":{"line":792,"column":46}},"316":{"start":{"line":793,"column":12},"end":{"line":793,"column":35}},"317":{"start":{"line":795,"column":12},"end":{"line":795,"column":66}},"318":{"start":{"line":799,"column":39},"end":{"line":799,"column":79}},"319":{"start":{"line":800,"column":8},"end":{"line":800,"column":49}},"320":{"start":{"line":803,"column":26},"end":{"line":808,"column":9}},"321":{"start":{"line":810,"column":27},"end":{"line":817,"column":9}},"322":{"start":{"line":820,"column":8},"end":{"line":822,"column":9}},"323":{"start":{"line":821,"column":12},"end":{"line":821,"column":51}},"324":{"start":{"line":824,"column":8},"end":{"line":824,"column":58}},"325":{"start":{"line":825,"column":8},"end":{"line":825,"column":31}},"326":{"start":{"line":827,"column":8},"end":{"line":827,"column":94}},"327":{"start":{"line":836,"column":21},"end":{"line":836,"column":55}},"328":{"start":{"line":838,"column":8},"end":{"line":851,"column":9}},"329":{"start":{"line":840,"column":16},"end":{"line":840,"column":108}},"330":{"start":{"line":842,"column":16},"end":{"line":842,"column":80}},"331":{"start":{"line":845,"column":16},"end":{"line":845,"column":46}},"332":{"start":{"line":847,"column":16},"end":{"line":847,"column":51}},"333":{"start":{"line":849,"column":16},"end":{"line":849,"column":103}},"334":{"start":{"line":850,"column":16},"end":{"line":850,"column":46}},"335":{"start":{"line":859,"column":8},"end":{"line":870,"column":26}},"336":{"start":{"line":862,"column":16},"end":{"line":864,"column":17}},"337":{"start":{"line":863,"column":20},"end":{"line":863,"column":45}},"338":{"start":{"line":866,"column":35},"end":{"line":866,"column":108}},"339":{"start":{"line":866,"column":81},"end":{"line":866,"column":104}},"340":{"start":{"line":867,"column":35},"end":{"line":867,"column":108}},"341":{"start":{"line":867,"column":81},"end":{"line":867,"column":104}},"342":{"start":{"line":868,"column":16},"end":{"line":868,"column":47}},"343":{"start":{"line":878,"column":25},"end":{"line":878,"column":66}},"344":{"start":{"line":880,"column":8},"end":{"line":887,"column":9}},"345":{"start":{"line":881,"column":12},"end":{"line":886,"column":14}},"346":{"start":{"line":889,"column":22},"end":{"line":894,"column":9}},"347":{"start":{"line":896,"column":8},"end":{"line":907,"column":9}},"348":{"start":{"line":897,"column":12},"end":{"line":899,"column":15}},"349":{"start":{"line":898,"column":16},"end":{"line":898,"column":46}},"350":{"start":{"line":900,"column":15},"end":{"line":907,"column":9}},"351":{"start":{"line":901,"column":12},"end":{"line":901,"column":43}},"352":{"start":{"line":902,"column":12},"end":{"line":902,"column":44}},"353":{"start":{"line":903,"column":15},"end":{"line":907,"column":9}},"354":{"start":{"line":904,"column":12},"end":{"line":904,"column":36}},"355":{"start":{"line":905,"column":15},"end":{"line":907,"column":9}},"356":{"start":{"line":906,"column":12},"end":{"line":906,"column":36}},"357":{"start":{"line":909,"column":8},"end":{"line":939,"column":11}},"358":{"start":{"line":910,"column":33},"end":{"line":910,"column":69}},"359":{"start":{"line":911,"column":12},"end":{"line":938,"column":13}},"360":{"start":{"line":912,"column":16},"end":{"line":912,"column":40}},"361":{"start":{"line":913,"column":31},"end":{"line":913,"column":50}},"362":{"start":{"line":915,"column":16},"end":{"line":937,"column":17}},"363":{"start":{"line":916,"column":20},"end":{"line":918,"column":21}},"364":{"start":{"line":917,"column":24},"end":{"line":917,"column":53}},"365":{"start":{"line":919,"column":23},"end":{"line":937,"column":17}},"366":{"start":{"line":920,"column":20},"end":{"line":926,"column":21}},"367":{"start":{"line":921,"column":24},"end":{"line":925,"column":27}},"368":{"start":{"line":922,"column":28},"end":{"line":924,"column":29}},"369":{"start":{"line":923,"column":32},"end":{"line":923,"column":56}},"370":{"start":{"line":927,"column":23},"end":{"line":937,"column":17}},"371":{"start":{"line":928,"column":45},"end":{"line":928,"column":76}},"372":{"start":{"line":929,"column":20},"end":{"line":931,"column":21}},"373":{"start":{"line":930,"column":24},"end":{"line":930,"column":63}},"374":{"start":{"line":932,"column":23},"end":{"line":937,"column":17}},"375":{"start":{"line":933,"column":20},"end":{"line":933,"column":109}},"376":{"start":{"line":934,"column":23},"end":{"line":937,"column":17}},"377":{"start":{"line":935,"column":37},"end":{"line":935,"column":59}},"378":{"start":{"line":936,"column":20},"end":{"line":936,"column":91}},"379":{"start":{"line":942,"column":8},"end":{"line":942,"column":58}},"380":{"start":{"line":945,"column":8},"end":{"line":945,"column":69}},"381":{"start":{"line":947,"column":8},"end":{"line":947,"column":21}},"382":{"start":{"line":956,"column":34},"end":{"line":956,"column":75}},"383":{"start":{"line":957,"column":35},"end":{"line":957,"column":77}},"384":{"start":{"line":958,"column":37},"end":{"line":960,"column":16}},"385":{"start":{"line":962,"column":33},"end":{"line":962,"column":77}},"386":{"start":{"line":963,"column":35},"end":{"line":963,"column":78}},"387":{"start":{"line":964,"column":27},"end":{"line":964,"column":81}},"388":{"start":{"line":966,"column":8},"end":{"line":972,"column":10}},"389":{"start":{"line":980,"column":8},"end":{"line":1021,"column":9}},"390":{"start":{"line":981,"column":23},"end":{"line":981,"column":45}},"391":{"start":{"line":982,"column":25},"end":{"line":982,"column":40}},"392":{"start":{"line":985,"column":31},"end":{"line":985,"column":40}},"393":{"start":{"line":986,"column":12},"end":{"line":990,"column":13}},"394":{"start":{"line":987,"column":16},"end":{"line":987,"column":44}},"395":{"start":{"line":989,"column":16},"end":{"line":989,"column":64}},"396":{"start":{"line":992,"column":28},"end":{"line":1014,"column":13}},"397":{"start":{"line":995,"column":74},"end":{"line":999,"column":17}},"398":{"start":{"line":1003,"column":66},"end":{"line":1013,"column":17}},"399":{"start":{"line":1016,"column":29},"end":{"line":1016,"column":69}},"400":{"start":{"line":1017,"column":12},"end":{"line":1017,"column":98}},"401":{"start":{"line":1018,"column":12},"end":{"line":1018,"column":59}},"402":{"start":{"line":1020,"column":12},"end":{"line":1020,"column":67}},"403":{"start":{"line":1029,"column":8},"end":{"line":1032,"column":9}},"404":{"start":{"line":1030,"column":12},"end":{"line":1030,"column":45}},"405":{"start":{"line":1031,"column":12},"end":{"line":1031,"column":38}},"406":{"start":{"line":1033,"column":8},"end":{"line":1036,"column":9}},"407":{"start":{"line":1034,"column":12},"end":{"line":1034,"column":44}},"408":{"start":{"line":1035,"column":12},"end":{"line":1035,"column":37}},"409":{"start":{"line":1037,"column":8},"end":{"line":1040,"column":9}},"410":{"start":{"line":1038,"column":12},"end":{"line":1038,"column":45}},"411":{"start":{"line":1039,"column":12},"end":{"line":1039,"column":38}},"412":{"start":{"line":1041,"column":8},"end":{"line":1044,"column":9}},"413":{"start":{"line":1042,"column":12},"end":{"line":1042,"column":42}},"414":{"start":{"line":1043,"column":12},"end":{"line":1043,"column":35}},"415":{"start":{"line":1045,"column":8},"end":{"line":1048,"column":9}},"416":{"start":{"line":1046,"column":12},"end":{"line":1046,"column":48}},"417":{"start":{"line":1047,"column":12},"end":{"line":1047,"column":41}},"418":{"start":{"line":1055,"column":8},"end":{"line":1055,"column":92}},"419":{"start":{"line":1058,"column":8},"end":{"line":1058,"column":27}},"420":{"start":{"line":1061,"column":8},"end":{"line":1061,"column":29}},"421":{"start":{"line":1064,"column":8},"end":{"line":1064,"column":30}},"422":{"start":{"line":1065,"column":8},"end":{"line":1065,"column":33}},"423":{"start":{"line":1067,"column":8},"end":{"line":1067,"column":64}},"424":{"start":{"line":1071,"column":0},"end":{"line":1071,"column":46}}},"fnMap":{"0":{"name":"(anonymous_0)","decl":{"start":{"line":15,"column":4},"end":{"line":15,"column":5}},"loc":{"start":{"line":15,"column":32},"end":{"line":23,"column":5}},"line":15},"1":{"name":"(anonymous_1)","decl":{"start":{"line":29,"column":4},"end":{"line":29,"column":5}},"loc":{"start":{"line":29,"column":27},"end":{"line":39,"column":5}},"line":29},"2":{"name":"(anonymous_2)","decl":{"start":{"line":31,"column":43},"end":{"line":31,"column":44}},"loc":{"start":{"line":31,"column":49},"end":{"line":33,"column":9}},"line":31},"3":{"name":"(anonymous_3)","decl":{"start":{"line":36,"column":19},"end":{"line":36,"column":20}},"loc":{"start":{"line":36,"column":25},"end":{"line":38,"column":9}},"line":36},"4":{"name":"(anonymous_4)","decl":{"start":{"line":44,"column":4},"end":{"line":44,"column":5}},"loc":{"start":{"line":44,"column":26},"end":{"line":49,"column":5}},"line":44},"5":{"name":"(anonymous_5)","decl":{"start":{"line":55,"column":4},"end":{"line":55,"column":5}},"loc":{"start":{"line":55,"column":22},"end":{"line":61,"column":5}},"line":55},"6":{"name":"(anonymous_6)","decl":{"start":{"line":68,"column":4},"end":{"line":68,"column":5}},"loc":{"start":{"line":68,"column":53},"end":{"line":94,"column":5}},"line":68},"7":{"name":"(anonymous_7)","decl":{"start":{"line":102,"column":4},"end":{"line":102,"column":5}},"loc":{"start":{"line":102,"column":29},"end":{"line":107,"column":5}},"line":102},"8":{"name":"(anonymous_8)","decl":{"start":{"line":114,"column":4},"end":{"line":114,"column":5}},"loc":{"start":{"line":114,"column":17},"end":{"line":116,"column":5}},"line":114},"9":{"name":"(anonymous_9)","decl":{"start":{"line":122,"column":4},"end":{"line":122,"column":5}},"loc":{"start":{"line":122,"column":18},"end":{"line":124,"column":5}},"line":122},"10":{"name":"(anonymous_10)","decl":{"start":{"line":131,"column":4},"end":{"line":131,"column":5}},"loc":{"start":{"line":131,"column":27},"end":{"line":133,"column":5}},"line":131},"11":{"name":"(anonymous_11)","decl":{"start":{"line":132,"column":52},"end":{"line":132,"column":53}},"loc":{"start":{"line":132,"column":57},"end":{"line":132,"column":76}},"line":132},"12":{"name":"(anonymous_12)","decl":{"start":{"line":139,"column":4},"end":{"line":139,"column":5}},"loc":{"start":{"line":139,"column":20},"end":{"line":146,"column":5}},"line":139},"13":{"name":"(anonymous_13)","decl":{"start":{"line":152,"column":4},"end":{"line":152,"column":5}},"loc":{"start":{"line":152,"column":29},"end":{"line":162,"column":5}},"line":152},"14":{"name":"(anonymous_14)","decl":{"start":{"line":153,"column":27},"end":{"line":153,"column":28}},"loc":{"start":{"line":153,"column":42},"end":{"line":161,"column":9}},"line":153},"15":{"name":"(anonymous_15)","decl":{"start":{"line":169,"column":4},"end":{"line":169,"column":5}},"loc":{"start":{"line":169,"column":24},"end":{"line":182,"column":5}},"line":169},"16":{"name":"(anonymous_16)","decl":{"start":{"line":189,"column":4},"end":{"line":189,"column":5}},"loc":{"start":{"line":189,"column":41},"end":{"line":207,"column":5}},"line":189},"17":{"name":"(anonymous_17)","decl":{"start":{"line":191,"column":37},"end":{"line":191,"column":38}},"loc":{"start":{"line":191,"column":43},"end":{"line":206,"column":9}},"line":191},"18":{"name":"(anonymous_18)","decl":{"start":{"line":214,"column":4},"end":{"line":214,"column":5}},"loc":{"start":{"line":214,"column":28},"end":{"line":246,"column":5}},"line":214},"19":{"name":"(anonymous_19)","decl":{"start":{"line":239,"column":40},"end":{"line":239,"column":41}},"loc":{"start":{"line":239,"column":46},"end":{"line":245,"column":9}},"line":239},"20":{"name":"(anonymous_20)","decl":{"start":{"line":254,"column":4},"end":{"line":254,"column":5}},"loc":{"start":{"line":254,"column":46},"end":{"line":355,"column":5}},"line":254},"21":{"name":"(anonymous_21)","decl":{"start":{"line":296,"column":28},"end":{"line":296,"column":29}},"loc":{"start":{"line":296,"column":35},"end":{"line":296,"column":96}},"line":296},"22":{"name":"(anonymous_22)","decl":{"start":{"line":297,"column":25},"end":{"line":297,"column":26}},"loc":{"start":{"line":297,"column":32},"end":{"line":297,"column":53}},"line":297},"23":{"name":"(anonymous_23)","decl":{"start":{"line":310,"column":28},"end":{"line":310,"column":29}},"loc":{"start":{"line":310,"column":35},"end":{"line":310,"column":96}},"line":310},"24":{"name":"(anonymous_24)","decl":{"start":{"line":311,"column":25},"end":{"line":311,"column":26}},"loc":{"start":{"line":311,"column":32},"end":{"line":311,"column":53}},"line":311},"25":{"name":"(anonymous_25)","decl":{"start":{"line":336,"column":29},"end":{"line":336,"column":30}},"loc":{"start":{"line":336,"column":51},"end":{"line":351,"column":9}},"line":336},"26":{"name":"(anonymous_26)","decl":{"start":{"line":362,"column":4},"end":{"line":362,"column":5}},"loc":{"start":{"line":362,"column":36},"end":{"line":427,"column":5}},"line":362},"27":{"name":"(anonymous_27)","decl":{"start":{"line":374,"column":39},"end":{"line":374,"column":40}},"loc":{"start":{"line":374,"column":45},"end":{"line":426,"column":9}},"line":374},"28":{"name":"(anonymous_28)","decl":{"start":{"line":402,"column":55},"end":{"line":402,"column":56}},"loc":{"start":{"line":402,"column":61},"end":{"line":420,"column":21}},"line":402},"29":{"name":"(anonymous_29)","decl":{"start":{"line":434,"column":4},"end":{"line":434,"column":5}},"loc":{"start":{"line":434,"column":42},"end":{"line":479,"column":5}},"line":434},"30":{"name":"(anonymous_30)","decl":{"start":{"line":462,"column":39},"end":{"line":462,"column":40}},"loc":{"start":{"line":462,"column":45},"end":{"line":478,"column":9}},"line":462},"31":{"name":"(anonymous_31)","decl":{"start":{"line":486,"column":4},"end":{"line":486,"column":5}},"loc":{"start":{"line":486,"column":22},"end":{"line":526,"column":5}},"line":486},"32":{"name":"(anonymous_32)","decl":{"start":{"line":518,"column":19},"end":{"line":518,"column":20}},"loc":{"start":{"line":518,"column":25},"end":{"line":525,"column":9}},"line":518},"33":{"name":"(anonymous_33)","decl":{"start":{"line":533,"column":4},"end":{"line":533,"column":5}},"loc":{"start":{"line":533,"column":46},"end":{"line":561,"column":5}},"line":533},"34":{"name":"(anonymous_34)","decl":{"start":{"line":566,"column":4},"end":{"line":566,"column":5}},"loc":{"start":{"line":566,"column":18},"end":{"line":568,"column":5}},"line":566},"35":{"name":"(anonymous_35)","decl":{"start":{"line":575,"column":4},"end":{"line":575,"column":5}},"loc":{"start":{"line":575,"column":36},"end":{"line":585,"column":5}},"line":575},"36":{"name":"(anonymous_36)","decl":{"start":{"line":591,"column":4},"end":{"line":591,"column":5}},"loc":{"start":{"line":591,"column":32},"end":{"line":597,"column":5}},"line":591},"37":{"name":"(anonymous_37)","decl":{"start":{"line":603,"column":4},"end":{"line":603,"column":5}},"loc":{"start":{"line":603,"column":27},"end":{"line":605,"column":5}},"line":603},"38":{"name":"(anonymous_38)","decl":{"start":{"line":613,"column":4},"end":{"line":613,"column":5}},"loc":{"start":{"line":613,"column":38},"end":{"line":646,"column":5}},"line":613},"39":{"name":"(anonymous_39)","decl":{"start":{"line":653,"column":4},"end":{"line":653,"column":5}},"loc":{"start":{"line":653,"column":37},"end":{"line":665,"column":5}},"line":653},"40":{"name":"(anonymous_40)","decl":{"start":{"line":663,"column":43},"end":{"line":663,"column":44}},"loc":{"start":{"line":663,"column":49},"end":{"line":663,"column":68}},"line":663},"41":{"name":"(anonymous_41)","decl":{"start":{"line":672,"column":4},"end":{"line":672,"column":5}},"loc":{"start":{"line":672,"column":40},"end":{"line":679,"column":5}},"line":672},"42":{"name":"(anonymous_42)","decl":{"start":{"line":685,"column":4},"end":{"line":685,"column":5}},"loc":{"start":{"line":685,"column":19},"end":{"line":709,"column":5}},"line":685},"43":{"name":"(anonymous_43)","decl":{"start":{"line":714,"column":4},"end":{"line":714,"column":5}},"loc":{"start":{"line":714,"column":18},"end":{"line":724,"column":5}},"line":714},"44":{"name":"(anonymous_44)","decl":{"start":{"line":733,"column":4},"end":{"line":733,"column":5}},"loc":{"start":{"line":733,"column":47},"end":{"line":828,"column":5}},"line":733},"45":{"name":"(anonymous_45)","decl":{"start":{"line":835,"column":4},"end":{"line":835,"column":5}},"loc":{"start":{"line":835,"column":34},"end":{"line":852,"column":5}},"line":835},"46":{"name":"(anonymous_46)","decl":{"start":{"line":858,"column":4},"end":{"line":858,"column":5}},"loc":{"start":{"line":858,"column":24},"end":{"line":871,"column":5}},"line":858},"47":{"name":"(anonymous_47)","decl":{"start":{"line":860,"column":18},"end":{"line":860,"column":19}},"loc":{"start":{"line":860,"column":28},"end":{"line":869,"column":13}},"line":860},"48":{"name":"(anonymous_48)","decl":{"start":{"line":866,"column":67},"end":{"line":866,"column":68}},"loc":{"start":{"line":866,"column":81},"end":{"line":866,"column":104}},"line":866},"49":{"name":"(anonymous_49)","decl":{"start":{"line":867,"column":67},"end":{"line":867,"column":68}},"loc":{"start":{"line":867,"column":81},"end":{"line":867,"column":104}},"line":867},"50":{"name":"(anonymous_50)","decl":{"start":{"line":877,"column":4},"end":{"line":877,"column":5}},"loc":{"start":{"line":877,"column":26},"end":{"line":948,"column":5}},"line":877},"51":{"name":"(anonymous_51)","decl":{"start":{"line":897,"column":37},"end":{"line":897,"column":38}},"loc":{"start":{"line":897,"column":51},"end":{"line":899,"column":13}},"line":897},"52":{"name":"(anonymous_52)","decl":{"start":{"line":909,"column":50},"end":{"line":909,"column":51}},"loc":{"start":{"line":909,"column":60},"end":{"line":939,"column":9}},"line":909},"53":{"name":"(anonymous_53)","decl":{"start":{"line":921,"column":39},"end":{"line":921,"column":40}},"loc":{"start":{"line":921,"column":44},"end":{"line":925,"column":25}},"line":921},"54":{"name":"(anonymous_54)","decl":{"start":{"line":955,"column":4},"end":{"line":955,"column":5}},"loc":{"start":{"line":955,"column":40},"end":{"line":973,"column":5}},"line":955},"55":{"name":"(anonymous_55)","decl":{"start":{"line":979,"column":4},"end":{"line":979,"column":5}},"loc":{"start":{"line":979,"column":24},"end":{"line":1022,"column":5}},"line":979},"56":{"name":"(anonymous_56)","decl":{"start":{"line":995,"column":63},"end":{"line":995,"column":64}},"loc":{"start":{"line":995,"column":74},"end":{"line":999,"column":17}},"line":995},"57":{"name":"(anonymous_57)","decl":{"start":{"line":1003,"column":51},"end":{"line":1003,"column":52}},"loc":{"start":{"line":1003,"column":66},"end":{"line":1013,"column":17}},"line":1003},"58":{"name":"(anonymous_58)","decl":{"start":{"line":1028,"column":4},"end":{"line":1028,"column":5}},"loc":{"start":{"line":1028,"column":18},"end":{"line":1049,"column":5}},"line":1028},"59":{"name":"(anonymous_59)","decl":{"start":{"line":1054,"column":4},"end":{"line":1054,"column":5}},"loc":{"start":{"line":1054,"column":14},"end":{"line":1068,"column":5}},"line":1054}},"branchMap":{"0":{"loc":{"start":{"line":45,"column":8},"end":{"line":48,"column":9}},"type":"if","locations":[{"start":{"line":45,"column":8},"end":{"line":48,"column":9}},{"start":{},"end":{}}],"line":45},"1":{"loc":{"start":{"line":68,"column":22},"end":{"line":68,"column":51}},"type":"default-arg","locations":[{"start":{"line":68,"column":33},"end":{"line":68,"column":51}}],"line":68},"2":{"loc":{"start":{"line":73,"column":31},"end":{"line":73,"column":52}},"type":"binary-expr","locations":[{"start":{"line":73,"column":31},"end":{"line":73,"column":45}},{"start":{"line":73,"column":49},"end":{"line":73,"column":52}}],"line":73},"3":{"loc":{"start":{"line":75,"column":36},"end":{"line":75,"column":113}},"type":"binary-expr","locations":[{"start":{"line":75,"column":36},"end":{"line":75,"column":62}},{"start":{"line":75,"column":66},"end":{"line":75,"column":89}},{"start":{"line":75,"column":93},"end":{"line":75,"column":113}}],"line":75},"4":{"loc":{"start":{"line":77,"column":12},"end":{"line":79,"column":13}},"type":"if","locations":[{"start":{"line":77,"column":12},"end":{"line":79,"column":13}},{"start":{},"end":{}}],"line":77},"5":{"loc":{"start":{"line":77,"column":16},"end":{"line":77,"column":42}},"type":"binary-expr","locations":[{"start":{"line":77,"column":16},"end":{"line":77,"column":23}},{"start":{"line":77,"column":27},"end":{"line":77,"column":42}}],"line":77},"6":{"loc":{"start":{"line":78,"column":47},"end":{"line":78,"column":85}},"type":"cond-expr","locations":[{"start":{"line":78,"column":57},"end":{"line":78,"column":66}},{"start":{"line":78,"column":69},"end":{"line":78,"column":85}}],"line":78},"7":{"loc":{"start":{"line":84,"column":12},"end":{"line":88,"column":13}},"type":"if","locations":[{"start":{"line":84,"column":12},"end":{"line":88,"column":13}},{"start":{},"end":{}}],"line":84},"8":{"loc":{"start":{"line":91,"column":8},"end":{"line":93,"column":9}},"type":"if","locations":[{"start":{"line":91,"column":8},"end":{"line":93,"column":9}},{"start":{},"end":{}}],"line":91},"9":{"loc":{"start":{"line":141,"column":8},"end":{"line":145,"column":9}},"type":"if","locations":[{"start":{"line":141,"column":8},"end":{"line":145,"column":9}},{"start":{},"end":{}}],"line":141},"10":{"loc":{"start":{"line":154,"column":12},"end":{"line":160,"column":13}},"type":"if","locations":[{"start":{"line":154,"column":12},"end":{"line":160,"column":13}},{"start":{},"end":{}}],"line":154},"11":{"loc":{"start":{"line":154,"column":16},"end":{"line":154,"column":69}},"type":"binary-expr","locations":[{"start":{"line":154,"column":16},"end":{"line":154,"column":39}},{"start":{"line":154,"column":43},"end":{"line":154,"column":69}}],"line":154},"12":{"loc":{"start":{"line":156,"column":16},"end":{"line":159,"column":17}},"type":"if","locations":[{"start":{"line":156,"column":16},"end":{"line":159,"column":17}},{"start":{},"end":{}}],"line":156},"13":{"loc":{"start":{"line":194,"column":16},"end":{"line":196,"column":17}},"type":"if","locations":[{"start":{"line":194,"column":16},"end":{"line":196,"column":17}},{"start":{},"end":{}}],"line":194},"14":{"loc":{"start":{"line":198,"column":16},"end":{"line":202,"column":17}},"type":"if","locations":[{"start":{"line":198,"column":16},"end":{"line":202,"column":17}},{"start":{"line":200,"column":23},"end":{"line":202,"column":17}}],"line":198},"15":{"loc":{"start":{"line":215,"column":8},"end":{"line":218,"column":9}},"type":"if","locations":[{"start":{"line":215,"column":8},"end":{"line":218,"column":9}},{"start":{},"end":{}}],"line":215},"16":{"loc":{"start":{"line":221,"column":26},"end":{"line":221,"column":67}},"type":"binary-expr","locations":[{"start":{"line":221,"column":26},"end":{"line":221,"column":44}},{"start":{"line":221,"column":48},"end":{"line":221,"column":61}},{"start":{"line":221,"column":65},"end":{"line":221,"column":67}}],"line":221},"17":{"loc":{"start":{"line":231,"column":18},"end":{"line":231,"column":52}},"type":"binary-expr","locations":[{"start":{"line":231,"column":18},"end":{"line":231,"column":31}},{"start":{"line":231,"column":35},"end":{"line":231,"column":52}}],"line":231},"18":{"loc":{"start":{"line":232,"column":19},"end":{"line":232,"column":39}},"type":"binary-expr","locations":[{"start":{"line":232,"column":19},"end":{"line":232,"column":33}},{"start":{"line":232,"column":37},"end":{"line":232,"column":39}}],"line":232},"19":{"loc":{"start":{"line":256,"column":8},"end":{"line":259,"column":9}},"type":"if","locations":[{"start":{"line":256,"column":8},"end":{"line":259,"column":9}},{"start":{},"end":{}}],"line":256},"20":{"loc":{"start":{"line":262,"column":8},"end":{"line":265,"column":9}},"type":"if","locations":[{"start":{"line":262,"column":8},"end":{"line":265,"column":9}},{"start":{},"end":{}}],"line":262},"21":{"loc":{"start":{"line":268,"column":8},"end":{"line":271,"column":9}},"type":"if","locations":[{"start":{"line":268,"column":8},"end":{"line":271,"column":9}},{"start":{},"end":{}}],"line":268},"22":{"loc":{"start":{"line":279,"column":8},"end":{"line":283,"column":9}},"type":"if","locations":[{"start":{"line":279,"column":8},"end":{"line":283,"column":9}},{"start":{},"end":{}}],"line":279},"23":{"loc":{"start":{"line":288,"column":8},"end":{"line":314,"column":9}},"type":"switch","locations":[{"start":{"line":289,"column":12},"end":{"line":291,"column":22}},{"start":{"line":292,"column":12},"end":{"line":299,"column":22}},{"start":{"line":300,"column":12},"end":{"line":302,"column":22}},{"start":{"line":303,"column":12},"end":{"line":305,"column":22}},{"start":{"line":306,"column":12},"end":{"line":313,"column":22}}],"line":288},"24":{"loc":{"start":{"line":288,"column":16},"end":{"line":288,"column":50}},"type":"binary-expr","locations":[{"start":{"line":288,"column":16},"end":{"line":288,"column":29}},{"start":{"line":288,"column":33},"end":{"line":288,"column":50}}],"line":288},"25":{"loc":{"start":{"line":290,"column":32},"end":{"line":290,"column":122}},"type":"cond-expr","locations":[{"start":{"line":290,"column":86},"end":{"line":290,"column":117}},{"start":{"line":290,"column":120},"end":{"line":290,"column":122}}],"line":290},"26":{"loc":{"start":{"line":290,"column":32},"end":{"line":290,"column":83}},"type":"binary-expr","locations":[{"start":{"line":290,"column":32},"end":{"line":290,"column":48}},{"start":{"line":290,"column":52},"end":{"line":290,"column":83}}],"line":290},"27":{"loc":{"start":{"line":293,"column":39},"end":{"line":293,"column":68}},"type":"binary-expr","locations":[{"start":{"line":293,"column":39},"end":{"line":293,"column":62}},{"start":{"line":293,"column":66},"end":{"line":293,"column":68}}],"line":293},"28":{"loc":{"start":{"line":296,"column":35},"end":{"line":296,"column":96}},"type":"binary-expr","locations":[{"start":{"line":296,"column":35},"end":{"line":296,"column":51}},{"start":{"line":296,"column":55},"end":{"line":296,"column":63}},{"start":{"line":296,"column":67},"end":{"line":296,"column":96}}],"line":296},"29":{"loc":{"start":{"line":307,"column":37},"end":{"line":307,"column":64}},"type":"binary-expr","locations":[{"start":{"line":307,"column":37},"end":{"line":307,"column":58}},{"start":{"line":307,"column":62},"end":{"line":307,"column":64}}],"line":307},"30":{"loc":{"start":{"line":310,"column":35},"end":{"line":310,"column":96}},"type":"binary-expr","locations":[{"start":{"line":310,"column":35},"end":{"line":310,"column":51}},{"start":{"line":310,"column":55},"end":{"line":310,"column":63}},{"start":{"line":310,"column":67},"end":{"line":310,"column":96}}],"line":310},"31":{"loc":{"start":{"line":319,"column":26},"end":{"line":319,"column":60}},"type":"binary-expr","locations":[{"start":{"line":319,"column":26},"end":{"line":319,"column":39}},{"start":{"line":319,"column":43},"end":{"line":319,"column":60}}],"line":319},"32":{"loc":{"start":{"line":320,"column":23},"end":{"line":320,"column":49}},"type":"binary-expr","locations":[{"start":{"line":320,"column":23},"end":{"line":320,"column":41}},{"start":{"line":320,"column":45},"end":{"line":320,"column":49}}],"line":320},"33":{"loc":{"start":{"line":321,"column":25},"end":{"line":321,"column":53}},"type":"binary-expr","locations":[{"start":{"line":321,"column":25},"end":{"line":321,"column":45}},{"start":{"line":321,"column":49},"end":{"line":321,"column":53}}],"line":321},"34":{"loc":{"start":{"line":325,"column":8},"end":{"line":327,"column":9}},"type":"if","locations":[{"start":{"line":325,"column":8},"end":{"line":327,"column":9}},{"start":{},"end":{}}],"line":325},"35":{"loc":{"start":{"line":326,"column":41},"end":{"line":326,"column":70}},"type":"binary-expr","locations":[{"start":{"line":326,"column":41},"end":{"line":326,"column":64}},{"start":{"line":326,"column":68},"end":{"line":326,"column":70}}],"line":326},"36":{"loc":{"start":{"line":339,"column":27},"end":{"line":339,"column":72}},"type":"cond-expr","locations":[{"start":{"line":339,"column":42},"end":{"line":339,"column":64}},{"start":{"line":339,"column":67},"end":{"line":339,"column":72}}],"line":339},"37":{"loc":{"start":{"line":340,"column":24},"end":{"line":340,"column":62}},"type":"cond-expr","locations":[{"start":{"line":340,"column":39},"end":{"line":340,"column":58}},{"start":{"line":340,"column":61},"end":{"line":340,"column":62}}],"line":340},"38":{"loc":{"start":{"line":347,"column":12},"end":{"line":349,"column":13}},"type":"if","locations":[{"start":{"line":347,"column":12},"end":{"line":349,"column":13}},{"start":{},"end":{}}],"line":347},"39":{"loc":{"start":{"line":363,"column":8},"end":{"line":365,"column":9}},"type":"if","locations":[{"start":{"line":363,"column":8},"end":{"line":365,"column":9}},{"start":{},"end":{}}],"line":363},"40":{"loc":{"start":{"line":363,"column":12},"end":{"line":363,"column":61}},"type":"binary-expr","locations":[{"start":{"line":363,"column":12},"end":{"line":363,"column":41}},{"start":{"line":363,"column":45},"end":{"line":363,"column":61}}],"line":363},"41":{"loc":{"start":{"line":369,"column":8},"end":{"line":372,"column":9}},"type":"if","locations":[{"start":{"line":369,"column":8},"end":{"line":372,"column":9}},{"start":{},"end":{}}],"line":369},"42":{"loc":{"start":{"line":376,"column":16},"end":{"line":379,"column":17}},"type":"if","locations":[{"start":{"line":376,"column":16},"end":{"line":379,"column":17}},{"start":{},"end":{}}],"line":376},"43":{"loc":{"start":{"line":389,"column":16},"end":{"line":421,"column":17}},"type":"if","locations":[{"start":{"line":389,"column":16},"end":{"line":421,"column":17}},{"start":{"line":395,"column":23},"end":{"line":421,"column":17}}],"line":389},"44":{"loc":{"start":{"line":405,"column":28},"end":{"line":408,"column":29}},"type":"if","locations":[{"start":{"line":405,"column":28},"end":{"line":408,"column":29}},{"start":{},"end":{}}],"line":405},"45":{"loc":{"start":{"line":410,"column":28},"end":{"line":414,"column":29}},"type":"if","locations":[{"start":{"line":410,"column":28},"end":{"line":414,"column":29}},{"start":{"line":412,"column":35},"end":{"line":414,"column":29}}],"line":410},"46":{"loc":{"start":{"line":437,"column":8},"end":{"line":440,"column":9}},"type":"if","locations":[{"start":{"line":437,"column":8},"end":{"line":440,"column":9}},{"start":{},"end":{}}],"line":437},"47":{"loc":{"start":{"line":442,"column":8},"end":{"line":446,"column":9}},"type":"if","locations":[{"start":{"line":442,"column":8},"end":{"line":446,"column":9}},{"start":{},"end":{}}],"line":442},"48":{"loc":{"start":{"line":450,"column":8},"end":{"line":453,"column":9}},"type":"if","locations":[{"start":{"line":450,"column":8},"end":{"line":453,"column":9}},{"start":{},"end":{}}],"line":450},"49":{"loc":{"start":{"line":467,"column":16},"end":{"line":471,"column":17}},"type":"if","locations":[{"start":{"line":467,"column":16},"end":{"line":471,"column":17}},{"start":{"line":469,"column":23},"end":{"line":471,"column":17}}],"line":467},"50":{"loc":{"start":{"line":489,"column":8},"end":{"line":492,"column":9}},"type":"if","locations":[{"start":{"line":489,"column":8},"end":{"line":492,"column":9}},{"start":{},"end":{}}],"line":489},"51":{"loc":{"start":{"line":499,"column":8},"end":{"line":502,"column":9}},"type":"if","locations":[{"start":{"line":499,"column":8},"end":{"line":502,"column":9}},{"start":{},"end":{}}],"line":499},"52":{"loc":{"start":{"line":503,"column":8},"end":{"line":506,"column":9}},"type":"if","locations":[{"start":{"line":503,"column":8},"end":{"line":506,"column":9}},{"start":{},"end":{}}],"line":503},"53":{"loc":{"start":{"line":507,"column":8},"end":{"line":510,"column":9}},"type":"if","locations":[{"start":{"line":507,"column":8},"end":{"line":510,"column":9}},{"start":{},"end":{}}],"line":507},"54":{"loc":{"start":{"line":519,"column":12},"end":{"line":524,"column":13}},"type":"if","locations":[{"start":{"line":519,"column":12},"end":{"line":524,"column":13}},{"start":{},"end":{}}],"line":519},"55":{"loc":{"start":{"line":553,"column":33},"end":{"line":553,"column":64}},"type":"binary-expr","locations":[{"start":{"line":553,"column":33},"end":{"line":553,"column":55}},{"start":{"line":553,"column":59},"end":{"line":553,"column":64}}],"line":553},"56":{"loc":{"start":{"line":554,"column":31},"end":{"line":554,"column":60}},"type":"binary-expr","locations":[{"start":{"line":554,"column":31},"end":{"line":554,"column":51}},{"start":{"line":554,"column":55},"end":{"line":554,"column":60}}],"line":554},"57":{"loc":{"start":{"line":560,"column":29},"end":{"line":560,"column":55}},"type":"binary-expr","locations":[{"start":{"line":560,"column":29},"end":{"line":560,"column":47}},{"start":{"line":560,"column":51},"end":{"line":560,"column":55}}],"line":560},"58":{"loc":{"start":{"line":581,"column":16},"end":{"line":581,"column":86}},"type":"binary-expr","locations":[{"start":{"line":581,"column":16},"end":{"line":581,"column":36}},{"start":{"line":581,"column":40},"end":{"line":581,"column":86}}],"line":581},"59":{"loc":{"start":{"line":614,"column":8},"end":{"line":616,"column":9}},"type":"if","locations":[{"start":{"line":614,"column":8},"end":{"line":616,"column":9}},{"start":{},"end":{}}],"line":614},"60":{"loc":{"start":{"line":619,"column":8},"end":{"line":621,"column":9}},"type":"if","locations":[{"start":{"line":619,"column":8},"end":{"line":621,"column":9}},{"start":{},"end":{}}],"line":619},"61":{"loc":{"start":{"line":624,"column":8},"end":{"line":626,"column":9}},"type":"if","locations":[{"start":{"line":624,"column":8},"end":{"line":626,"column":9}},{"start":{},"end":{}}],"line":624},"62":{"loc":{"start":{"line":624,"column":12},"end":{"line":624,"column":36}},"type":"binary-expr","locations":[{"start":{"line":624,"column":12},"end":{"line":624,"column":20}},{"start":{"line":624,"column":24},"end":{"line":624,"column":36}}],"line":624},"63":{"loc":{"start":{"line":625,"column":44},"end":{"line":625,"column":103}},"type":"cond-expr","locations":[{"start":{"line":625,"column":54},"end":{"line":625,"column":77}},{"start":{"line":625,"column":80},"end":{"line":625,"column":103}}],"line":625},"64":{"loc":{"start":{"line":633,"column":8},"end":{"line":642,"column":9}},"type":"if","locations":[{"start":{"line":633,"column":8},"end":{"line":642,"column":9}},{"start":{"line":638,"column":15},"end":{"line":642,"column":9}}],"line":633},"65":{"loc":{"start":{"line":635,"column":12},"end":{"line":637,"column":13}},"type":"if","locations":[{"start":{"line":635,"column":12},"end":{"line":637,"column":13}},{"start":{},"end":{}}],"line":635},"66":{"loc":{"start":{"line":638,"column":15},"end":{"line":642,"column":9}},"type":"if","locations":[{"start":{"line":638,"column":15},"end":{"line":642,"column":9}},{"start":{"line":640,"column":15},"end":{"line":642,"column":9}}],"line":638},"67":{"loc":{"start":{"line":640,"column":15},"end":{"line":642,"column":9}},"type":"if","locations":[{"start":{"line":640,"column":15},"end":{"line":642,"column":9}},{"start":{},"end":{}}],"line":640},"68":{"loc":{"start":{"line":655,"column":29},"end":{"line":655,"column":58}},"type":"binary-expr","locations":[{"start":{"line":655,"column":29},"end":{"line":655,"column":53}},{"start":{"line":655,"column":57},"end":{"line":655,"column":58}}],"line":655},"69":{"loc":{"start":{"line":659,"column":12},"end":{"line":659,"column":58}},"type":"if","locations":[{"start":{"line":659,"column":12},"end":{"line":659,"column":58}},{"start":{},"end":{}}],"line":659},"70":{"loc":{"start":{"line":674,"column":8},"end":{"line":677,"column":9}},"type":"if","locations":[{"start":{"line":674,"column":8},"end":{"line":677,"column":9}},{"start":{},"end":{}}],"line":674},"71":{"loc":{"start":{"line":697,"column":8},"end":{"line":706,"column":9}},"type":"if","locations":[{"start":{"line":697,"column":8},"end":{"line":706,"column":9}},{"start":{"line":704,"column":15},"end":{"line":706,"column":9}}],"line":697},"72":{"loc":{"start":{"line":716,"column":8},"end":{"line":719,"column":9}},"type":"if","locations":[{"start":{"line":716,"column":8},"end":{"line":719,"column":9}},{"start":{},"end":{}}],"line":716},"73":{"loc":{"start":{"line":720,"column":8},"end":{"line":723,"column":9}},"type":"if","locations":[{"start":{"line":720,"column":8},"end":{"line":723,"column":9}},{"start":{},"end":{}}],"line":720},"74":{"loc":{"start":{"line":735,"column":8},"end":{"line":735,"column":34}},"type":"if","locations":[{"start":{"line":735,"column":8},"end":{"line":735,"column":34}},{"start":{},"end":{}}],"line":735},"75":{"loc":{"start":{"line":738,"column":29},"end":{"line":738,"column":63}},"type":"binary-expr","locations":[{"start":{"line":738,"column":29},"end":{"line":738,"column":42}},{"start":{"line":738,"column":46},"end":{"line":738,"column":63}}],"line":738},"76":{"loc":{"start":{"line":742,"column":33},"end":{"line":742,"column":86}},"type":"binary-expr","locations":[{"start":{"line":742,"column":33},"end":{"line":742,"column":79}},{"start":{"line":742,"column":83},"end":{"line":742,"column":86}}],"line":742},"77":{"loc":{"start":{"line":743,"column":24},"end":{"line":743,"column":111}},"type":"cond-expr","locations":[{"start":{"line":743,"column":53},"end":{"line":743,"column":106}},{"start":{"line":743,"column":109},"end":{"line":743,"column":111}}],"line":743},"78":{"loc":{"start":{"line":743,"column":66},"end":{"line":743,"column":104}},"type":"binary-expr","locations":[{"start":{"line":743,"column":66},"end":{"line":743,"column":84}},{"start":{"line":743,"column":88},"end":{"line":743,"column":104}}],"line":743},"79":{"loc":{"start":{"line":758,"column":37},"end":{"line":760,"column":16}},"type":"binary-expr","locations":[{"start":{"line":758,"column":37},"end":{"line":758,"column":77}},{"start":{"line":759,"column":15},"end":{"line":759,"column":54}},{"start":{"line":760,"column":15},"end":{"line":760,"column":16}}],"line":758},"80":{"loc":{"start":{"line":762,"column":33},"end":{"line":762,"column":77}},"type":"binary-expr","locations":[{"start":{"line":762,"column":33},"end":{"line":762,"column":69}},{"start":{"line":762,"column":73},"end":{"line":762,"column":77}}],"line":762},"81":{"loc":{"start":{"line":766,"column":35},"end":{"line":766,"column":78}},"type":"binary-expr","locations":[{"start":{"line":766,"column":35},"end":{"line":766,"column":73}},{"start":{"line":766,"column":77},"end":{"line":766,"column":78}}],"line":766},"82":{"loc":{"start":{"line":770,"column":8},"end":{"line":776,"column":9}},"type":"if","locations":[{"start":{"line":770,"column":8},"end":{"line":776,"column":9}},{"start":{"line":773,"column":15},"end":{"line":776,"column":9}}],"line":770},"83":{"loc":{"start":{"line":770,"column":12},"end":{"line":770,"column":69}},"type":"binary-expr","locations":[{"start":{"line":770,"column":12},"end":{"line":770,"column":34}},{"start":{"line":770,"column":38},"end":{"line":770,"column":69}}],"line":770},"84":{"loc":{"start":{"line":779,"column":32},"end":{"line":781,"column":15}},"type":"cond-expr","locations":[{"start":{"line":780,"column":14},"end":{"line":780,"column":99}},{"start":{"line":781,"column":14},"end":{"line":781,"column":15}}],"line":779},"85":{"loc":{"start":{"line":786,"column":8},"end":{"line":796,"column":9}},"type":"if","locations":[{"start":{"line":786,"column":8},"end":{"line":796,"column":9}},{"start":{"line":794,"column":15},"end":{"line":796,"column":9}}],"line":786},"86":{"loc":{"start":{"line":786,"column":12},"end":{"line":786,"column":73}},"type":"binary-expr","locations":[{"start":{"line":786,"column":12},"end":{"line":786,"column":40}},{"start":{"line":786,"column":44},"end":{"line":786,"column":73}}],"line":786},"87":{"loc":{"start":{"line":795,"column":21},"end":{"line":795,"column":65}},"type":"cond-expr","locations":[{"start":{"line":795,"column":33},"end":{"line":795,"column":61}},{"start":{"line":795,"column":64},"end":{"line":795,"column":65}}],"line":795},"88":{"loc":{"start":{"line":820,"column":8},"end":{"line":822,"column":9}},"type":"if","locations":[{"start":{"line":820,"column":8},"end":{"line":822,"column":9}},{"start":{},"end":{}}],"line":820},"89":{"loc":{"start":{"line":836,"column":21},"end":{"line":836,"column":55}},"type":"binary-expr","locations":[{"start":{"line":836,"column":21},"end":{"line":836,"column":34}},{"start":{"line":836,"column":38},"end":{"line":836,"column":55}}],"line":836},"90":{"loc":{"start":{"line":838,"column":8},"end":{"line":851,"column":9}},"type":"switch","locations":[{"start":{"line":839,"column":12},"end":{"line":840,"column":108}},{"start":{"line":841,"column":12},"end":{"line":842,"column":80}},{"start":{"line":843,"column":12},"end":{"line":843,"column":30}},{"start":{"line":844,"column":12},"end":{"line":845,"column":46}},{"start":{"line":846,"column":12},"end":{"line":847,"column":51}},{"start":{"line":848,"column":12},"end":{"line":850,"column":46}}],"line":838},"91":{"loc":{"start":{"line":840,"column":23},"end":{"line":840,"column":107}},"type":"cond-expr","locations":[{"start":{"line":840,"column":61},"end":{"line":840,"column":82}},{"start":{"line":840,"column":85},"end":{"line":840,"column":107}}],"line":840},"92":{"loc":{"start":{"line":842,"column":23},"end":{"line":842,"column":79}},"type":"binary-expr","locations":[{"start":{"line":842,"column":23},"end":{"line":842,"column":46}},{"start":{"line":842,"column":50},"end":{"line":842,"column":73}},{"start":{"line":842,"column":77},"end":{"line":842,"column":79}}],"line":842},"93":{"loc":{"start":{"line":847,"column":23},"end":{"line":847,"column":50}},"type":"binary-expr","locations":[{"start":{"line":847,"column":23},"end":{"line":847,"column":44}},{"start":{"line":847,"column":48},"end":{"line":847,"column":50}}],"line":847},"94":{"loc":{"start":{"line":862,"column":16},"end":{"line":864,"column":17}},"type":"if","locations":[{"start":{"line":862,"column":16},"end":{"line":864,"column":17}},{"start":{},"end":{}}],"line":862},"95":{"loc":{"start":{"line":866,"column":88},"end":{"line":866,"column":103}},"type":"binary-expr","locations":[{"start":{"line":866,"column":88},"end":{"line":866,"column":98}},{"start":{"line":866,"column":102},"end":{"line":866,"column":103}}],"line":866},"96":{"loc":{"start":{"line":867,"column":88},"end":{"line":867,"column":103}},"type":"binary-expr","locations":[{"start":{"line":867,"column":88},"end":{"line":867,"column":98}},{"start":{"line":867,"column":102},"end":{"line":867,"column":103}}],"line":867},"97":{"loc":{"start":{"line":880,"column":8},"end":{"line":887,"column":9}},"type":"if","locations":[{"start":{"line":880,"column":8},"end":{"line":887,"column":9}},{"start":{},"end":{}}],"line":880},"98":{"loc":{"start":{"line":893,"column":26},"end":{"line":893,"column":60}},"type":"binary-expr","locations":[{"start":{"line":893,"column":26},"end":{"line":893,"column":39}},{"start":{"line":893,"column":43},"end":{"line":893,"column":60}}],"line":893},"99":{"loc":{"start":{"line":896,"column":8},"end":{"line":907,"column":9}},"type":"if","locations":[{"start":{"line":896,"column":8},"end":{"line":907,"column":9}},{"start":{"line":900,"column":15},"end":{"line":907,"column":9}}],"line":896},"100":{"loc":{"start":{"line":896,"column":12},"end":{"line":896,"column":87}},"type":"binary-expr","locations":[{"start":{"line":896,"column":12},"end":{"line":896,"column":47}},{"start":{"line":896,"column":51},"end":{"line":896,"column":87}}],"line":896},"101":{"loc":{"start":{"line":900,"column":15},"end":{"line":907,"column":9}},"type":"if","locations":[{"start":{"line":900,"column":15},"end":{"line":907,"column":9}},{"start":{"line":903,"column":15},"end":{"line":907,"column":9}}],"line":900},"102":{"loc":{"start":{"line":903,"column":15},"end":{"line":907,"column":9}},"type":"if","locations":[{"start":{"line":903,"column":15},"end":{"line":907,"column":9}},{"start":{"line":905,"column":15},"end":{"line":907,"column":9}}],"line":903},"103":{"loc":{"start":{"line":905,"column":15},"end":{"line":907,"column":9}},"type":"if","locations":[{"start":{"line":905,"column":15},"end":{"line":907,"column":9}},{"start":{},"end":{}}],"line":905},"104":{"loc":{"start
[...]
line":22,"column":49}},"5":{"start":{"line":25,"column":8},"end":{"line":25,"column":33}},"6":{"start":{"line":28,"column":8},"end":{"line":28,"column":32}},"7":{"start":{"line":31,"column":8},"end":{"line":35,"column":11}},"8":{"start":{"line":38,"column":8},"end":{"line":43,"column":11}},"9":{"start":{"line":55,"column":8},"end":{"line":58,"column":9}},"10":{"start":{"line":56,"column":12},"end":{"line":56,"column":56}},"11":{"start":{"line":57,"column":12},"end":{"line":57,"column":19}},"12":{"start":{"line":61,"column":8},"end":{"line":63,"column":9}},"13":{"start":{"line":62,"column":12},"end":{"line":62,"column":48}},"14":{"start":{"line":65,"column":28},"end":{"line":65,"column":52}},"15":{"start":{"line":68,"column":8},"end":{"line":70,"column":9}},"16":{"start":{"line":69,"column":12},"end":{"line":69,"column":43}},"17":{"start":{"line":72,"column":27},"end":{"line":72,"column":53}},"18":{"start":{"line":75,"column":8},"end":{"line":87,"column":9}},"19":{"start":{"line":77,"column":12},"end":{"line":77,"column":50}},"20":{"start":{"line":80,"column":12},"end":{"line":80,"column":37}},"21":{"start":{"line":83,"column":12},"end":{"line":86,"column":13}},"22":{"start":{"line":84,"column":16},"end":{"line":84,"column":39}},"23":{"start":{"line":85,"column":16},"end":{"line":85,"column":23}},"24":{"start":{"line":90,"column":8},"end":{"line":95,"column":9}},"25":{"start":{"line":91,"column":28},"end":{"line":93,"column":34}},"26":{"start":{"line":92,"column":16},"end":{"line":92,"column":39}},"27":{"start":{"line":94,"column":12},"end":{"line":94,"column":45}},"28":{"start":{"line":106,"column":8},"end":{"line":108,"column":9}},"29":{"start":{"line":107,"column":12},"end":{"line":107,"column":35}},"30":{"start":{"line":110,"column":8},"end":{"line":110,"column":52}},"31":{"start":{"line":119,"column":8},"end":{"line":122,"column":9}},"32":{"start":{"line":120,"column":12},"end":{"line":120,"column":50}},"33":{"start":{"line":121,"column":12},"end":{"line":121,"column":39}},"34":{"start":{"line":125,"column":28},"end":{"line":125,"column":52}},"35":{"start":{"line":126,"column":8},"end":{"line":128,"column":9}},"36":{"start":{"line":127,"column":12},"end":{"line":127,"column":19}},"37":{"start":{"line":131,"column":8},"end":{"line":143,"column":9}},"38":{"start":{"line":132,"column":12},"end":{"line":132,"column":48}},"39":{"start":{"line":132,"column":39},"end":{"line":132,"column":48}},"40":{"start":{"line":134,"column":12},"end":{"line":140,"column":13}},"41":{"start":{"line":136,"column":16},"end":{"line":136,"column":64}},"42":{"start":{"line":139,"column":16},"end":{"line":139,"column":72}},"43":{"start":{"line":142,"column":12},"end":{"line":142,"column":98}},"44":{"start":{"line":146,"column":8},"end":{"line":146,"column":36}},"45":{"start":{"line":153,"column":8},"end":{"line":155,"column":9}},"46":{"start":{"line":154,"column":12},"end":{"line":154,"column":35}},"47":{"start":{"line":163,"column":8},"end":{"line":163,"column":31}},"48":{"start":{"line":164,"column":8},"end":{"line":164,"column":36}},"49":{"start":{"line":166,"column":8},"end":{"line":169,"column":9}},"50":{"start":{"line":167,"column":12},"end":{"line":167,"column":50}},"51":{"start":{"line":168,"column":12},"end":{"line":168,"column":39}},"52":{"start":{"line":176,"column":8},"end":{"line":176,"column":24}},"53":{"start":{"line":178,"column":8},"end":{"line":180,"column":9}},"54":{"start":{"line":179,"column":12},"end":{"line":179,"column":34}},"55":{"start":{"line":181,"column":8},"end":{"line":181,"column":28}},"56":{"start":{"line":182,"column":8},"end":{"line":182,"column":29}},"57":{"start":{"line":190,"column":27},"end":{"line":190,"column":28}},"58":{"start":{"line":191,"column":8},"end":{"line":195,"column":9}},"59":{"start":{"line":192,"column":12},"end":{"line":194,"column":13}},"60":{"start":{"line":193,"column":16},"end":{"line":193,"column":48}},"61":{"start":{"line":197,"column":8},"end":{"line":203,"column":10}},"62":{"start":{"line":207,"column":0},"end":{"line":207,"column":40}}},"fnMap":{"0":{"name":"(anonymous_0)","decl":{"start":{"line":15,"column":4},"end":{"line":15,"column":5}},"loc":{"start":{"line":15,"column":42},"end":{"line":44,"column":5}},"line":15},"1":{"name":"(anonymous_1)","decl":{"start":{"line":53,"column":4},"end":{"line":53,"column":5}},"loc":{"start":{"line":53,"column":57},"end":{"line":96,"column":5}},"line":53},"2":{"name":"(anonymous_2)","decl":{"start":{"line":91,"column":39},"end":{"line":91,"column":40}},"loc":{"start":{"line":91,"column":45},"end":{"line":93,"column":13}},"line":91},"3":{"name":"(anonymous_3)","decl":{"start":{"line":104,"column":4},"end":{"line":104,"column":5}},"loc":{"start":{"line":104,"column":46},"end":{"line":111,"column":5}},"line":104},"4":{"name":"(anonymous_4)","decl":{"start":{"line":117,"column":4},"end":{"line":117,"column":5}},"loc":{"start":{"line":117,"column":22},"end":{"line":147,"column":5}},"line":117},"5":{"name":"(anonymous_5)","decl":{"start":{"line":152,"column":4},"end":{"line":152,"column":5}},"loc":{"start":{"line":152,"column":15},"end":{"line":156,"column":5}},"line":152},"6":{"name":"(anonymous_6)","decl":{"start":{"line":162,"column":4},"end":{"line":162,"column":5}},"loc":{"start":{"line":162,"column":24},"end":{"line":170,"column":5}},"line":162},"7":{"name":"(anonymous_7)","decl":{"start":{"line":175,"column":4},"end":{"line":175,"column":5}},"loc":{"start":{"line":175,"column":15},"end":{"line":183,"column":5}},"line":175},"8":{"name":"(anonymous_8)","decl":{"start":{"line":189,"column":4},"end":{"line":189,"column":5}},"loc":{"start":{"line":189,"column":15},"end":{"line":204,"column":5}},"line":189}},"branchMap":{"0":{"loc":{"start":{"line":15,"column":28},"end":{"line":15,"column":40}},"type":"default-arg","locations":[{"start":{"line":15,"column":38},"end":{"line":15,"column":40}}],"line":15},"1":{"loc":{"start":{"line":20,"column":29},"end":{"line":20,"column":57}},"type":"binary-expr","locations":[{"start":{"line":20,"column":29},"end":{"line":20,"column":50}},{"start":{"line":20,"column":54},"end":{"line":20,"column":57}}],"line":20},"2":{"loc":{"start":{"line":21,"column":28},"end":{"line":21,"column":55}},"type":"binary-expr","locations":[{"start":{"line":21,"column":28},"end":{"line":21,"column":48}},{"start":{"line":21,"column":52},"end":{"line":21,"column":55}}],"line":21},"3":{"loc":{"start":{"line":53,"column":37},"end":{"line":53,"column":55}},"type":"default-arg","locations":[{"start":{"line":53,"column":50},"end":{"line":53,"column":55}}],"line":53},"4":{"loc":{"start":{"line":55,"column":8},"end":{"line":58,"column":9}},"type":"if","locations":[{"start":{"line":55,"column":8},"end":{"line":58,"column":9}},{"start":{},"end":{}}],"line":55},"5":{"loc":{"start":{"line":55,"column":12},"end":{"line":55,"column":82}},"type":"binary-expr","locations":[{"start":{"line":55,"column":12},"end":{"line":55,"column":25}},{"start":{"line":55,"column":30},"end":{"line":55,"column":41}},{"start":{"line":55,"column":45},"end":{"line":55,"column":81}}],"line":55},"6":{"loc":{"start":{"line":61,"column":8},"end":{"line":63,"column":9}},"type":"if","locations":[{"start":{"line":61,"column":8},"end":{"line":63,"column":9}},{"start":{},"end":{}}],"line":61},"7":{"loc":{"start":{"line":68,"column":8},"end":{"line":70,"column":9}},"type":"if","locations":[{"start":{"line":68,"column":8},"end":{"line":70,"column":9}},{"start":{},"end":{}}],"line":68},"8":{"loc":{"start":{"line":75,"column":8},"end":{"line":87,"column":9}},"type":"if","locations":[{"start":{"line":75,"column":8},"end":{"line":87,"column":9}},{"start":{"line":78,"column":15},"end":{"line":87,"column":9}}],"line":75},"9":{"loc":{"start":{"line":75,"column":12},"end":{"line":75,"column":83}},"type":"binary-expr","locations":[{"start":{"line":75,"column":12},"end":{"line":75,"column":45}},{"start":{"line":75,"column":49},"end":{"line":75,"column":83}}],"line":75},"10":{"loc":{"start":{"line":83,"column":12},"end":{"line":86,"column":13}},"type":"if","locations":[{"start":{"line":83,"column":12},"end":{"line":86,"column":13}},{"start":{},"end":{}}],"line":83},"11":{"loc":{"start":{"line":90,"column":8},"end":{"line":95,"column":9}},"type":"if","locations":[{"start":{"line":90,"column":8},"end":{"line":95,"column":9}},{"start":{},"end":{}}],"line":90},"12":{"loc":{"start":{"line":106,"column":8},"end":{"line":108,"column":9}},"type":"if","locations":[{"start":{"line":106,"column":8},"end":{"line":108,"column":9}},{"start":{},"end":{}}],"line":106},"13":{"loc":{"start":{"line":119,"column":8},"end":{"line":122,"column":9}},"type":"if","locations":[{"start":{"line":119,"column":8},"end":{"line":122,"column":9}},{"start":{},"end":{}}],"line":119},"14":{"loc":{"start":{"line":126,"column":8},"end":{"line":128,"column":9}},"type":"if","locations":[{"start":{"line":126,"column":8},"end":{"line":128,"column":9}},{"start":{},"end":{}}],"line":126},"15":{"loc":{"start":{"line":126,"column":12},"end":{"line":126,"column":50}},"type":"binary-expr","locations":[{"start":{"line":126,"column":12},"end":{"line":126,"column":24}},{"start":{"line":126,"column":28},"end":{"line":126,"column":50}}],"line":126},"16":{"loc":{"start":{"line":132,"column":12},"end":{"line":132,"column":48}},"type":"if","locations":[{"start":{"line":132,"column":12},"end":{"line":132,"column":48}},{"start":{},"end":{}}],"line":132},"17":{"loc":{"start":{"line":134,"column":12},"end":{"line":140,"column":13}},"type":"if","locations":[{"start":{"line":134,"column":12},"end":{"line":140,"column":13}},{"start":{"line":137,"column":19},"end":{"line":140,"column":13}}],"line":134},"18":{"loc":{"start":{"line":166,"column":8},"end":{"line":169,"column":9}},"type":"if","locations":[{"start":{"line":166,"column":8},"end":{"line":169,"column":9}},{"start":{},"end":{}}],"line":166}},"s":{"0":0,"1":0,"2":0,"3":0,"4":0,"5":0,"6":0,"7":0,"8":0,"9":0,"10":0,"11":0,"12":0,"13":0,"14":0,"15":0,"16":0,"17":0,"18":0,"19":0,"20":0,"21":0,"22":0,"23":0,"24":0,"25":0,"26":0,"27":0,"28":0,"29":0,"30":0,"31":0,"32":0,"33":0,"34":0,"35":0,"36":0,"37":0,"38":0,"39":0,"40":0,"41":0,"42":0,"43":0,"44":0,"45":0,"46":0,"47":0,"48":0,"49":0,"50":0,"51":0,"52":0,"53":0,"54":0,"55":0,"56":0,"57":0,"58":0,"59":0,"60":0,"61":0,"62":0},"f":{"0":0,"1":0,"2":0,"3":0,"4":0,"5":0,"6":0,"7":0,"8":0},"b":{"0":[0],"1":[0,0],"2":[0,0],"3":[0],"4":[0,0],"5":[0,0,0],"6":[0,0],"7":[0,0],"8":[0,0],"9":[0,0],"10":[0,0],"11":[0,0],"12":[0,0],"13":[0,0],"14":[0,0],"15":[0,0],"16":[0,0],"17":[0,0],"18":[0,0]}}
,"/mnt/c/Users/sapet/quizix-pro/services/validation-schemas.js": {"path":"/mnt/c/Users/sapet/quizix-pro/services/validation-schemas.js","statementMap":{"0":{"start":{"line":6,"column":14},"end":{"line":6,"column":28}},"1":{"start":{"line":12,"column":37},"end":{"line":21,"column":2}},"2":{"start":{"line":23,"column":38},"end":{"line":32,"column":2}},"3":{"start":{"line":34,"column":32},"end":{"line":42,"column":2}},"4":{"start":{"line":44,"column":30},"end":{"line":53,"column":2}},"5":{"start":{"line":55,"column":31},"end":{"line":64,"column":2}},"6":{"start":{"line":67,"column":23},"end":{"line":73,"column":2}},"7":{"start":{"line":79,"column":27},"end":{"line":85,"column":13}},"8":{"start":{"line":87,"column":23},"end":{"line":92,"column":2}},"9":{"start":{"line":98,"column":29},"end":{"line":103,"column":2}},"10":{"start":{"line":105,"column":29},"end":{"line":110,"column":2}},"11":{"start":{"line":116,"column":23},"end":{"line":119,"column":2}},"12":{"start":{"line":121,"column":27},"end":{"line":129,"column":2}},"13":{"start":{"line":141,"column":4},"end":{"line":162,"column":6}},"14":{"start":{"line":142,"column":8},"end":{"line":161,"column":9}},"15":{"start":{"line":143,"column":27},"end":{"line":143,"column":53}},"16":{"start":{"line":144,"column":12},"end":{"line":153,"column":13}},"17":{"start":{"line":145,"column":31},"end":{"line":148,"column":19}},"18":{"start":{"line":145,"column":63},"end":{"line":148,"column":17}},"19":{"start":{"line":149,"column":16},"end":{"line":152,"column":19}},"20":{"start":{"line":154,"column":12},"end":{"line":154,"column":44}},"21":{"start":{"line":155,"column":12},"end":{"line":155,"column":19}},"22":{"start":{"line":157,"column":12},"end":{"line":160,"column":15}},"23":{"start":{"line":171,"column":4},"end":{"line":192,"column":6}},"24":{"start":{"line":172,"column":8},"end":{"line":191,"column":9}},"25":{"start":{"line":173,"column":27},"end":{"line":173,"column":55}},"26":{"start":{"line":174,"column":12},"end":{"line":183,"column":13}},"27":{"start":{"line":175,"column":31},"end":{"line":178,"column":19}},"28":{"start":{"line":175,"column":63},"end":{"line":178,"column":17}},"29":{"start":{"line":179,"column":16},"end":{"line":182,"column":19}},"30":{"start":{"line":184,"column":12},"end":{"line":184,"column":46}},"31":{"start":{"line":185,"column":12},"end":{"line":185,"column":19}},"32":{"start":{"line":187,"column":12},"end":{"line":190,"column":15}},"33":{"start":{"line":201,"column":4},"end":{"line":222,"column":6}},"34":{"start":{"line":202,"column":8},"end":{"line":221,"column":9}},"35":{"start":{"line":203,"column":27},"end":{"line":203,"column":54}},"36":{"start":{"line":204,"column":12},"end":{"line":213,"column":13}},"37":{"start":{"line":205,"column":31},"end":{"line":208,"column":19}},"38":{"start":{"line":205,"column":63},"end":{"line":208,"column":17}},"39":{"start":{"line":209,"column":16},"end":{"line":212,"column":19}},"40":{"start":{"line":214,"column":12},"end":{"line":214,"column":45}},"41":{"start":{"line":215,"column":12},"end":{"line":215,"column":19}},"42":{"start":{"line":217,"column":12},"end":{"line":220,"column":15}},"43":{"start":{"line":229,"column":27},"end":{"line":232,"column":2}},"44":{"start":{"line":234,"column":27},"end":{"line":236,"column":2}},"45":{"start":{"line":238,"column":25},"end":{"line":240,"column":2}},"46":{"start":{"line":242,"column":26},"end":{"line":244,"column":2}},"47":{"start":{"line":246,"column":33},"end":{"line":249,"column":2}},"48":{"start":{"line":251,"column":21},"end":{"line":255,"column":2}},"49":{"start":{"line":257,"column":28},"end":{"line":259,"column":2}},"50":{"start":{"line":265,"column":27},"end":{"line":267,"column":2}},"51":{"start":{"line":269,"column":29},"end":{"line":271,"column":2}},"52":{"start":{"line":273,"column":18},"end":{"line":275,"column":2}},"53":{"start":{"line":277,"column":27},"end":{"line":280,"column":2}},"54":{"start":{"line":287,"column":23},"end":{"line":296,"column":2}},"55":{"start":{"line":298,"column":25},"end":{"line":301,"column":2}},"56":{"start":{"line":303,"column":24},"end":{"line":305,"column":2}},"57":{"start":{"line":307,"column":27},"end":{"line":309,"column":2}},"58":{"start":{"line":311,"column":31},"end":{"line":313,"column":2}},"59":{"start":{"line":315,"column":33},"end":{"line":324,"column":2}},"60":{"start":{"line":326,"column":25},"end":{"line":329,"column":2}},"61":{"start":{"line":332,"column":31},"end":{"line":337,"column":2}},"62":{"start":{"line":339,"column":32},"end":{"line":348,"column":2}},"63":{"start":{"line":350,"column":33},"end":{"line":360,"column":2}},"64":{"start":{"line":362,"column":32},"end":{"line":373,"column":2}},"65":{"start":{"line":375,"column":31},"end":{"line":387,"column":2}},"66":{"start":{"line":389,"column":27},"end":{"line":395,"column":2}},"67":{"start":{"line":397,"column":25},"end":{"line":400,"column":2}},"68":{"start":{"line":409,"column":20},"end":{"line":426,"column":5}},"69":{"start":{"line":428,"column":19},"end":{"line":428,"column":37}},"70":{"start":{"line":429,"column":4},"end":{"line":431,"column":5}},"71":{"start":{"line":430,"column":8},"end":{"line":430,"column":37}},"72":{"start":{"line":433,"column":19},"end":{"line":433,"column":41}},"73":{"start":{"line":434,"column":4},"end":{"line":436,"column":5}},"74":{"start":{"line":435,"column":8},"end":{"line":435,"column":50}},"75":{"start":{"line":438,"column":4},"end":{"line":444,"column":6}},"76":{"start":{"line":440,"column":48},"end":{"line":443,"column":9}},"77":{"start":{"line":447,"column":0},"end":{"line":492,"column":2}}},"fnMap":{"0":{"name":"validateBody","decl":{"start":{"line":140,"column":9},"end":{"line":140,"column":21}},"loc":{"start":{"line":140,"column":30},"end":{"line":163,"column":1}},"line":140},"1":{"name":"(anonymous_1)","decl":{"start":{"line":141,"column":11},"end":{"line":141,"column":12}},"loc":{"start":{"line":141,"column":31},"end":{"line":162,"column":5}},"line":141},"2":{"name":"(anonymous_2)","decl":{"start":{"line":145,"column":55},"end":{"line":145,"column":56}},"loc":{"start":{"line":145,"column":63},"end":{"line":148,"column":17}},"line":145},"3":{"name":"validateParams","decl":{"start":{"line":170,"column":9},"end":{"line":170,"column":23}},"loc":{"start":{"line":170,"column":32},"end":{"line":193,"column":1}},"line":170},"4":{"name":"(anonymous_4)","decl":{"start":{"line":171,"column":11},"end":{"line":171,"column":12}},"loc":{"start":{"line":171,"column":31},"end":{"line":192,"column":5}},"line":171},"5":{"name":"(anonymous_5)","decl":{"start":{"line":175,"column":55},"end":{"line":175,"column":56}},"loc":{"start":{"line":175,"column":63},"end":{"line":178,"column":17}},"line":175},"6":{"name":"validateQuery","decl":{"start":{"line":200,"column":9},"end":{"line":200,"column":22}},"loc":{"start":{"line":200,"column":31},"end":{"line":223,"column":1}},"line":200},"7":{"name":"(anonymous_7)","decl":{"start":{"line":201,"column":11},"end":{"line":201,"column":12}},"loc":{"start":{"line":201,"column":31},"end":{"line":222,"column":5}},"line":201},"8":{"name":"(anonymous_8)","decl":{"start":{"line":205,"column":55},"end":{"line":205,"column":56}},"loc":{"start":{"line":205,"column":63},"end":{"line":208,"column":17}},"line":205},"9":{"name":"validateSocketEvent","decl":{"start":{"line":408,"column":9},"end":{"line":408,"column":28}},"loc":{"start":{"line":408,"column":46},"end":{"line":445,"column":1}},"line":408},"10":{"name":"(anonymous_10)","decl":{"start":{"line":440,"column":40},"end":{"line":440,"column":41}},"loc":{"start":{"line":440,"column":48},"end":{"line":443,"column":9}},"line":440}},"branchMap":{"0":{"loc":{"start":{"line":144,"column":12},"end":{"line":153,"column":13}},"type":"if","locations":[{"start":{"line":144,"column":12},"end":{"line":153,"column":13}},{"start":{},"end":{}}],"line":144},"1":{"loc":{"start":{"line":174,"column":12},"end":{"line":183,"column":13}},"type":"if","locations":[{"start":{"line":174,"column":12},"end":{"line":183,"column":13}},{"start":{},"end":{}}],"line":174},"2":{"loc":{"start":{"line":204,"column":12},"end":{"line":213,"column":13}},"type":"if","locations":[{"start":{"line":204,"column":12},"end":{"line":213,"column":13}},{"start":{},"end":{}}],"line":204},"3":{"loc":{"start":{"line":429,"column":4},"end":{"line":431,"column":5}},"type":"if","locations":[{"start":{"line":429,"column":4},"end":{"line":431,"column":5}},{"start":{},"end":{}}],"line":429},"4":{"loc":{"start":{"line":434,"column":4},"end":{"line":436,"column":5}},"type":"if","locations":[{"start":{"line":434,"column":4},"end":{"line":436,"column":5}},{"start":{},"end":{}}],"line":434}},"s":{"0":1,"1":1,"2":1,"3":1,"4":1,"5":1,"6":1,"7":1,"8":1,"9":1,"10":1,"11":1,"12":1,"13":0,"14":0,"15":0,"16":0,"17":0,"18":0,"19":0,"20":0,"21":0,"22":0,"23":0,"24":0,"25":0,"26":0,"27":0,"28":0,"29":0,"30":0,"31":0,"32":0,"33":0,"34":0,"35":0,"36":0,"37":0,"38":0,"39":0,"40":0,"41":0,"42":0,"43":1,"44":1,"45":1,"46":1,"47":1,"48":1,"49":1,"50":1,"51":1,"52":1,"53":1,"54":1,"55":1,"56":1,"57":1,"58":1,"59":1,"60":1,"61":1,"62":1,"63":1,"64":1,"65":1,"66":1,"67":1,"68":8,"69":8,"70":8,"71":1,"72":7,"73":7,"74":5,"75":2,"76":3,"77":1},"f":{"0":0,"1":0,"2":0,"3":0,"4":0,"5":0,"6":0,"7":0,"8":0,"9":8,"10":3},"b":{"0":[0,0],"1":[0,0],"2":[0,0],"3":[1,7],"4":[5,2]},"_coverageSchema":"1a1c01bbd47fc00a2c39e90264f33305004495a9","hash":"a5cb0c13b03b3f1e210bfed7d6b9118c0a4147e0"}
}
