TN:
SF:services/cors-validation-service.js
FN:9,(anonymous_0)
FN:72,(anonymous_1)
FN:104,(anonymous_2)
FN:137,(anonymous_3)
FN:163,(anonymous_4)
FN:165,(anonymous_5)
FN:190,(anonymous_6)
FN:192,(anonymous_7)
FN:215,(anonymous_8)
FN:228,(anonymous_9)
FN:239,(anonymous_10)
FN:251,(anonymous_11)
FN:263,(anonymous_12)
FNF:13
FNH:0
FNDA:0,(anonymous_0)
FNDA:0,(anonymous_1)
FNDA:0,(anonymous_2)
FNDA:0,(anonymous_3)
FNDA:0,(anonymous_4)
FNDA:0,(anonymous_5)
FNDA:0,(anonymous_6)
FNDA:0,(anonymous_7)
FNDA:0,(anonymous_8)
FNDA:0,(anonymous_9)
FNDA:0,(anonymous_10)
FNDA:0,(anonymous_11)
FNDA:0,(anonymous_12)
DA:6,0
DA:11,0
DA:19,0
DA:22,0
DA:37,0
DA:62,0
DA:63,0
DA:64,0
DA:74,0
DA:75,0
DA:79,0
DA:80,0
DA:84,0
DA:85,0
DA:86,0
DA:87,0
DA:91,0
DA:92,0
DA:96,0
DA:105,0
DA:106,0
DA:109,0
DA:110,0
DA:114,0
DA:115,0
DA:117,0
DA:118,0
DA:119,0
DA:121,0
DA:125,0
DA:127,0
DA:128,0
DA:138,0
DA:139,0
DA:142,0
DA:143,0
DA:147,0
DA:148,0
DA:149,0
DA:153,0
DA:155,0
DA:156,0
DA:164,0
DA:166,0
DA:168,0
DA:169,0
DA:170,0
DA:171,0
DA:173,0
DA:175,0
DA:176,0
DA:191,0
DA:193,0
DA:195,0
DA:196,0
DA:197,0
DA:198,0
DA:200,0
DA:202,0
DA:203,0
DA:216,0
DA:217,0
DA:218,0
DA:220,0
DA:229,0
DA:230,0
DA:240,0
DA:241,0
DA:242,0
DA:244,0
DA:252,0
DA:264,0
DA:276,0
LF:73
LH:0
BRDA:62,0,0,0
BRDA:62,0,1,0
BRDA:74,1,0,0
BRDA:74,1,1,0
BRDA:79,2,0,0
BRDA:79,2,1,0
BRDA:84,3,0,0
BRDA:84,3,1,0
BRDA:87,4,0,0
BRDA:87,4,1,0
BRDA:91,5,0,0
BRDA:91,5,1,0
BRDA:109,6,0,0
BRDA:109,6,1,0
BRDA:115,7,0,0
BRDA:115,7,1,0
BRDA:117,8,0,0
BRDA:117,8,1,0
BRDA:117,9,0,0
BRDA:117,9,1,0
BRDA:142,10,0,0
BRDA:142,10,1,0
BRDA:148,11,0,0
BRDA:148,11,1,0
BRDA:166,12,0,0
BRDA:166,12,1,0
BRDA:168,13,0,0
BRDA:168,13,1,0
BRDA:169,14,0,0
BRDA:169,14,1,0
BRDA:193,15,0,0
BRDA:193,15,1,0
BRDA:195,16,0,0
BRDA:195,16,1,0
BRDA:196,17,0,0
BRDA:196,17,1,0
BRDA:198,18,0,0
BRDA:198,18,1,0
BRDA:216,19,0,0
BRDA:216,19,1,0
BRDA:229,20,0,0
BRDA:229,20,1,0
BRDA:265,21,0,0
BRDA:265,21,1,0
BRF:44
BRH:0
end_of_record
TN:
SF:services/game-session-service.js
FN:15,(anonymous_0)
FN:29,(anonymous_1)
FN:31,(anonymous_2)
FN:36,(anonymous_3)
FN:44,(anonymous_4)
FN:55,(anonymous_5)
FN:68,(anonymous_6)
FN:102,(anonymous_7)
FN:114,(anonymous_8)
FN:122,(anonymous_9)
FN:131,(anonymous_10)
FN:132,(anonymous_11)
FN:139,(anonymous_12)
FN:152,(anonymous_13)
FN:153,(anonymous_14)
FN:169,(anonymous_15)
FN:189,(anonymous_16)
FN:191,(anonymous_17)
FN:214,(anonymous_18)
FN:239,(anonymous_19)
FN:254,(anonymous_20)
FN:296,(anonymous_21)
FN:297,(anonymous_22)
FN:310,(anonymous_23)
FN:311,(anonymous_24)
FN:336,(anonymous_25)
FN:362,(anonymous_26)
FN:374,(anonymous_27)
FN:402,(anonymous_28)
FN:434,(anonymous_29)
FN:462,(anonymous_30)
FN:486,(anonymous_31)
FN:518,(anonymous_32)
FN:533,(anonymous_33)
FN:566,(anonymous_34)
FN:575,(anonymous_35)
FN:591,(anonymous_36)
FN:603,(anonymous_37)
FN:613,(anonymous_38)
FN:653,(anonymous_39)
FN:663,(anonymous_40)
FN:672,(anonymous_41)
FN:685,(anonymous_42)
FN:714,(anonymous_43)
FN:733,(anonymous_44)
FN:835,(anonymous_45)
FN:858,(anonymous_46)
FN:860,(anonymous_47)
FN:866,(anonymous_48)
FN:867,(anonymous_49)
FN:877,(anonymous_50)
FN:897,(anonymous_51)
FN:909,(anonymous_52)
FN:921,(anonymous_53)
FN:955,(anonymous_54)
FN:979,(anonymous_55)
FN:995,(anonymous_56)
FN:1003,(anonymous_57)
FN:1028,(anonymous_58)
FN:1054,(anonymous_59)
FNF:60
FNH:0
FNDA:0,(anonymous_0)
FNDA:0,(anonymous_1)
FNDA:0,(anonymous_2)
FNDA:0,(anonymous_3)
FNDA:0,(anonymous_4)
FNDA:0,(anonymous_5)
FNDA:0,(anonymous_6)
FNDA:0,(anonymous_7)
FNDA:0,(anonymous_8)
FNDA:0,(anonymous_9)
FNDA:0,(anonymous_10)
FNDA:0,(anonymous_11)
FNDA:0,(anonymous_12)
FNDA:0,(anonymous_13)
FNDA:0,(anonymous_14)
FNDA:0,(anonymous_15)
FNDA:0,(anonymous_16)
FNDA:0,(anonymous_17)
FNDA:0,(anonymous_18)
FNDA:0,(anonymous_19)
FNDA:0,(anonymous_20)
FNDA:0,(anonymous_21)
FNDA:0,(anonymous_22)
FNDA:0,(anonymous_23)
FNDA:0,(anonymous_24)
FNDA:0,(anonymous_25)
FNDA:0,(anonymous_26)
FNDA:0,(anonymous_27)
FNDA:0,(anonymous_28)
FNDA:0,(anonymous_29)
FNDA:0,(anonymous_30)
FNDA:0,(anonymous_31)
FNDA:0,(anonymous_32)
FNDA:0,(anonymous_33)
FNDA:0,(anonymous_34)
FNDA:0,(anonymous_35)
FNDA:0,(anonymous_36)
FNDA:0,(anonymous_37)
FNDA:0,(anonymous_38)
FNDA:0,(anonymous_39)
FNDA:0,(anonymous_40)
FNDA:0,(anonymous_41)
FNDA:0,(anonymous_42)
FNDA:0,(anonymous_43)
FNDA:0,(anonymous_44)
FNDA:0,(anonymous_45)
FNDA:0,(anonymous_46)
FNDA:0,(anonymous_47)
FNDA:0,(anonymous_48)
FNDA:0,(anonymous_49)
FNDA:0,(anonymous_50)
FNDA:0,(anonymous_51)
FNDA:0,(anonymous_52)
FNDA:0,(anonymous_53)
FNDA:0,(anonymous_54)
FNDA:0,(anonymous_55)
FNDA:0,(anonymous_56)
FNDA:0,(anonymous_57)
FNDA:0,(anonymous_58)
FNDA:0,(anonymous_59)
DA:11,0
DA:12,0
DA:16,0
DA:17,0
DA:18,0
DA:19,0
DA:22,0
DA:31,0
DA:32,0
DA:36,0
DA:37,0
DA:45,0
DA:46,0
DA:47,0
DA:57,0
DA:58,0
DA:60,0
DA:69,0
DA:70,0
DA:72,0
DA:73,0
DA:74,0
DA:75,0
DA:77,0
DA:78,0
DA:82,0
DA:83,0
DA:84,0
DA:85,0
DA:86,0
DA:87,0
DA:91,0
DA:92,0
DA:103,0
DA:104,0
DA:105,0
DA:106,0
DA:115,0
DA:123,0
DA:132,0
DA:140,0
DA:141,0
DA:142,0
DA:143,0
DA:144,0
DA:153,0
DA:154,0
DA:155,0
DA:156,0
DA:157,0
DA:158,0
DA:170,0
DA:171,0
DA:173,0
DA:181,0
DA:191,0
DA:192,0
DA:193,0
DA:194,0
DA:195,0
DA:198,0
DA:199,0
DA:201,0
DA:204,0
DA:215,0
DA:216,0
DA:217,0
DA:220,0
DA:221,0
DA:223,0
DA:224,0
DA:226,0
DA:236,0
DA:239,0
DA:240,0
DA:241,0
DA:243,0
DA:256,0
DA:257,0
DA:258,0
DA:262,0
DA:263,0
DA:264,0
DA:268,0
DA:269,0
DA:270,0
DA:274,0
DA:276,0
DA:279,0
DA:280,0
DA:281,0
DA:282,0
DA:285,0
DA:286,0
DA:288,0
DA:290,0
DA:291,0
DA:293,0
DA:295,0
DA:296,0
DA:297,0
DA:299,0
DA:301,0
DA:302,0
DA:304,0
DA:305,0
DA:307,0
DA:309,0
DA:310,0
DA:311,0
DA:313,0
DA:316,0
DA:325,0
DA:326,0
DA:329,0
DA:332,0
DA:333,0
DA:336,0
DA:337,0
DA:338,0
DA:347,0
DA:348,0
DA:350,0
DA:354,0
DA:363,0
DA:364,0
DA:367,0
DA:369,0
DA:370,0
DA:371,0
DA:374,0
DA:375,0
DA:376,0
DA:377,0
DA:378,0
DA:381,0
DA:383,0
DA:387,0
DA:389,0
DA:391,0
DA:394,0
DA:397,0
DA:402,0
DA:403,0
DA:404,0
DA:405,0
DA:406,0
DA:407,0
DA:410,0
DA:411,0
DA:413,0
DA:415,0
DA:417,0
DA:418,0
DA:423,0
DA:424,0
DA:435,0
DA:437,0
DA:438,0
DA:439,0
DA:442,0
DA:443,0
DA:444,0
DA:445,0
DA:448,0
DA:450,0
DA:451,0
DA:452,0
DA:455,0
DA:457,0
DA:462,0
DA:463,0
DA:464,0
DA:465,0
DA:467,0
DA:468,0
DA:470,0
DA:473,0
DA:475,0
DA:476,0
DA:487,0
DA:489,0
DA:490,0
DA:491,0
DA:494,0
DA:495,0
DA:496,0
DA:499,0
DA:500,0
DA:501,0
DA:503,0
DA:504,0
DA:505,0
DA:507,0
DA:508,0
DA:509,0
DA:512,0
DA:514,0
DA:515,0
DA:518,0
DA:519,0
DA:520,0
DA:523,0
DA:534,0
DA:535,0
DA:536,0
DA:537,0
DA:538,0
DA:539,0
DA:540,0
DA:541,0
DA:542,0
DA:543,0
DA:544,0
DA:545,0
DA:546,0
DA:547,0
DA:548,0
DA:549,0
DA:550,0
DA:551,0
DA:552,0
DA:553,0
DA:554,0
DA:555,0
DA:556,0
DA:560,0
DA:567,0
DA:576,0
DA:584,0
DA:592,0
DA:604,0
DA:614,0
DA:615,0
DA:618,0
DA:619,0
DA:620,0
DA:623,0
DA:624,0
DA:625,0
DA:628,0
DA:629,0
DA:631,0
DA:633,0
DA:634,0
DA:635,0
DA:636,0
DA:638,0
DA:639,0
DA:640,0
DA:641,0
DA:644,0
DA:645,0
DA:654,0
DA:655,0
DA:656,0
DA:658,0
DA:659,0
DA:662,0
DA:663,0
DA:664,0
DA:673,0
DA:674,0
DA:675,0
DA:676,0
DA:678,0
DA:686,0
DA:687,0
DA:689,0
DA:697,0
DA:698,0
DA:699,0
DA:700,0
DA:701,0
DA:702,0
DA:703,0
DA:705,0
DA:708,0
DA:715,0
DA:716,0
DA:717,0
DA:718,0
DA:720,0
DA:721,0
DA:722,0
DA:734,0
DA:735,0
DA:737,0
DA:738,0
DA:741,0
DA:742,0
DA:743,0
DA:745,0
DA:752,0
DA:753,0
DA:756,0
DA:757,0
DA:758,0
DA:762,0
DA:766,0
DA:770,0
DA:772,0
DA:775,0
DA:778,0
DA:779,0
DA:784,0
DA:785,0
DA:786,0
DA:788,0
DA:789,0
DA:792,0
DA:793,0
DA:795,0
DA:799,0
DA:800,0
DA:803,0
DA:810,0
DA:820,0
DA:821,0
DA:824,0
DA:825,0
DA:827,0
DA:836,0
DA:838,0
DA:840,0
DA:842,0
DA:845,0
DA:847,0
DA:849,0
DA:850,0
DA:859,0
DA:862,0
DA:863,0
DA:866,0
DA:867,0
DA:868,0
DA:878,0
DA:880,0
DA:881,0
DA:889,0
DA:896,0
DA:897,0
DA:898,0
DA:900,0
DA:901,0
DA:902,0
DA:903,0
DA:904,0
DA:905,0
DA:906,0
DA:909,0
DA:910,0
DA:911,0
DA:912,0
DA:913,0
DA:915,0
DA:916,0
DA:917,0
DA:919,0
DA:920,0
DA:921,0
DA:922,0
DA:923,0
DA:927,0
DA:928,0
DA:929,0
DA:930,0
DA:932,0
DA:933,0
DA:934,0
DA:935,0
DA:936,0
DA:942,0
DA:945,0
DA:947,0
DA:956,0
DA:957,0
DA:958,0
DA:962,0
DA:963,0
DA:964,0
DA:966,0
DA:980,0
DA:981,0
DA:982,0
DA:985,0
DA:986,0
DA:987,0
DA:989,0
DA:992,0
DA:995,0
DA:1003,0
DA:1016,0
DA:1017,0
DA:1018,0
DA:1020,0
DA:1029,0
DA:1030,0
DA:1031,0
DA:1033,0
DA:1034,0
DA:1035,0
DA:1037,0
DA:1038,0
DA:1039,0
DA:1041,0
DA:1042,0
DA:1043,0
DA:1045,0
DA:1046,0
DA:1047,0
DA:1055,0
DA:1058,0
DA:1061,0
DA:1064,0
DA:1065,0
DA:1067,0
DA:1071,0
LF:418
LH:0
BRDA:45,0,0,0
BRDA:45,0,1,0
BRDA:68,1,0,0
BRDA:73,2,0,0
BRDA:73,2,1,0
BRDA:75,3,0,0
BRDA:75,3,1,0
BRDA:75,3,2,0
BRDA:77,4,0,0
BRDA:77,4,1,0
BRDA:77,5,0,0
BRDA:77,5,1,0
BRDA:78,6,0,0
BRDA:78,6,1,0
BRDA:84,7,0,0
BRDA:84,7,1,0
BRDA:91,8,0,0
BRDA:91,8,1,0
BRDA:141,9,0,0
BRDA:141,9,1,0
BRDA:154,10,0,0
BRDA:154,10,1,0
BRDA:154,11,0,0
BRDA:154,11,1,0
BRDA:156,12,0,0
BRDA:156,12,1,0
BRDA:194,13,0,0
BRDA:194,13,1,0
BRDA:198,14,0,0
BRDA:198,14,1,0
BRDA:215,15,0,0
BRDA:215,15,1,0
BRDA:221,16,0,0
BRDA:221,16,1,0
BRDA:221,16,2,0
BRDA:231,17,0,0
BRDA:231,17,1,0
BRDA:232,18,0,0
BRDA:232,18,1,0
BRDA:256,19,0,0
BRDA:256,19,1,0
BRDA:262,20,0,0
BRDA:262,20,1,0
BRDA:268,21,0,0
BRDA:268,21,1,0
BRDA:279,22,0,0
BRDA:279,22,1,0
BRDA:288,23,0,0
BRDA:288,23,1,0
BRDA:288,23,2,0
BRDA:288,23,3,0
BRDA:288,23,4,0
BRDA:288,24,0,0
BRDA:288,24,1,0
BRDA:290,25,0,0
BRDA:290,25,1,0
BRDA:290,26,0,0
BRDA:290,26,1,0
BRDA:293,27,0,0
BRDA:293,27,1,0
BRDA:296,28,0,0
BRDA:296,28,1,0
BRDA:296,28,2,0
BRDA:307,29,0,0
BRDA:307,29,1,0
BRDA:310,30,0,0
BRDA:310,30,1,0
BRDA:310,30,2,0
BRDA:319,31,0,0
BRDA:319,31,1,0
BRDA:320,32,0,0
BRDA:320,32,1,0
BRDA:321,33,0,0
BRDA:321,33,1,0
BRDA:325,34,0,0
BRDA:325,34,1,0
BRDA:326,35,0,0
BRDA:326,35,1,0
BRDA:339,36,0,0
BRDA:339,36,1,0
BRDA:340,37,0,0
BRDA:340,37,1,0
BRDA:347,38,0,0
BRDA:347,38,1,0
BRDA:363,39,0,0
BRDA:363,39,1,0
BRDA:363,40,0,0
BRDA:363,40,1,0
BRDA:369,41,0,0
BRDA:369,41,1,0
BRDA:376,42,0,0
BRDA:376,42,1,0
BRDA:389,43,0,0
BRDA:389,43,1,0
BRDA:405,44,0,0
BRDA:405,44,1,0
BRDA:410,45,0,0
BRDA:410,45,1,0
BRDA:437,46,0,0
BRDA:437,46,1,0
BRDA:442,47,0,0
BRDA:442,47,1,0
BRDA:450,48,0,0
BRDA:450,48,1,0
BRDA:467,49,0,0
BRDA:467,49,1,0
BRDA:489,50,0,0
BRDA:489,50,1,0
BRDA:499,51,0,0
BRDA:499,51,1,0
BRDA:503,52,0,0
BRDA:503,52,1,0
BRDA:507,53,0,0
BRDA:507,53,1,0
BRDA:519,54,0,0
BRDA:519,54,1,0
BRDA:553,55,0,0
BRDA:553,55,1,0
BRDA:554,56,0,0
BRDA:554,56,1,0
BRDA:560,57,0,0
BRDA:560,57,1,0
BRDA:581,58,0,0
BRDA:581,58,1,0
BRDA:614,59,0,0
BRDA:614,59,1,0
BRDA:619,60,0,0
BRDA:619,60,1,0
BRDA:624,61,0,0
BRDA:624,61,1,0
BRDA:624,62,0,0
BRDA:624,62,1,0
BRDA:625,63,0,0
BRDA:625,63,1,0
BRDA:633,64,0,0
BRDA:633,64,1,0
BRDA:635,65,0,0
BRDA:635,65,1,0
BRDA:638,66,0,0
BRDA:638,66,1,0
BRDA:640,67,0,0
BRDA:640,67,1,0
BRDA:655,68,0,0
BRDA:655,68,1,0
BRDA:659,69,0,0
BRDA:659,69,1,0
BRDA:674,70,0,0
BRDA:674,70,1,0
BRDA:697,71,0,0
BRDA:697,71,1,0
BRDA:716,72,0,0
BRDA:716,72,1,0
BRDA:720,73,0,0
BRDA:720,73,1,0
BRDA:735,74,0,0
BRDA:735,74,1,0
BRDA:738,75,0,0
BRDA:738,75,1,0
BRDA:742,76,0,0
BRDA:742,76,1,0
BRDA:743,77,0,0
BRDA:743,77,1,0
BRDA:743,78,0,0
BRDA:743,78,1,0
BRDA:758,79,0,0
BRDA:758,79,1,0
BRDA:758,79,2,0
BRDA:762,80,0,0
BRDA:762,80,1,0
BRDA:766,81,0,0
BRDA:766,81,1,0
BRDA:770,82,0,0
BRDA:770,82,1,0
BRDA:770,83,0,0
BRDA:770,83,1,0
BRDA:779,84,0,0
BRDA:779,84,1,0
BRDA:786,85,0,0
BRDA:786,85,1,0
BRDA:786,86,0,0
BRDA:786,86,1,0
BRDA:795,87,0,0
BRDA:795,87,1,0
BRDA:820,88,0,0
BRDA:820,88,1,0
BRDA:836,89,0,0
BRDA:836,89,1,0
BRDA:838,90,0,0
BRDA:838,90,1,0
BRDA:838,90,2,0
BRDA:838,90,3,0
BRDA:838,90,4,0
BRDA:838,90,5,0
BRDA:840,91,0,0
BRDA:840,91,1,0
BRDA:842,92,0,0
BRDA:842,92,1,0
BRDA:842,92,2,0
BRDA:847,93,0,0
BRDA:847,93,1,0
BRDA:862,94,0,0
BRDA:862,94,1,0
BRDA:866,95,0,0
BRDA:866,95,1,0
BRDA:867,96,0,0
BRDA:867,96,1,0
BRDA:880,97,0,0
BRDA:880,97,1,0
BRDA:893,98,0,0
BRDA:893,98,1,0
BRDA:896,99,0,0
BRDA:896,99,1,0
BRDA:896,100,0,0
BRDA:896,100,1,0
BRDA:900,101,0,0
BRDA:900,101,1,0
BRDA:903,102,0,0
BRDA:903,102,1,0
BRDA:905,103,0,0
BRDA:905,103,1,0
BRDA:911,104,0,0
BRDA:911,104,1,0
BRDA:915,105,0,0
BRDA:915,105,1,0
BRDA:916,106,0,0
BRDA:916,106,1,0
BRDA:919,107,0,0
BRDA:919,107,1,0
BRDA:920,108,0,0
BRDA:920,108,1,0
BRDA:922,109,0,0
BRDA:922,109,1,0
BRDA:927,110,0,0
BRDA:927,110,1,0
BRDA:929,111,0,0
BRDA:929,111,1,0
BRDA:932,112,0,0
BRDA:932,112,1,0
BRDA:933,113,0,0
BRDA:933,113,1,0
BRDA:934,114,0,0
BRDA:934,114,1,0
BRDA:936,115,0,0
BRDA:936,115,1,0
BRDA:942,116,0,0
BRDA:942,116,1,0
BRDA:958,117,0,0
BRDA:958,117,1,0
BRDA:958,117,2,0
BRDA:962,118,0,0
BRDA:962,118,1,0
BRDA:963,119,0,0
BRDA:963,119,1,0
BRDA:969,120,0,0
BRDA:969,120,1,0
BRDA:993,121,0,0
BRDA:993,121,1,0
BRDA:1005,122,0,0
BRDA:1005,122,1,0
BRDA:1006,123,0,0
BRDA:1006,123,1,0
BRDA:1011,124,0,0
BRDA:1011,124,1,0
BRDA:1012,125,0,0
BRDA:1012,125,1,0
BRDA:1029,126,0,0
BRDA:1029,126,1,0
BRDA:1033,127,0,0
BRDA:1033,127,1,0
BRDA:1037,128,0,0
BRDA:1037,128,1,0
BRDA:1041,129,0,0
BRDA:1041,129,1,0
BRDA:1045,130,0,0
BRDA:1045,130,1,0
BRF:275
BRH:0
end_of_record
TN:
SF:services/metadata-service.js
FN:27,(anonymous_0)
FN:40,(anonymous_1)
FN:52,(anonymous_2)
FN:76,(anonymous_3)
FN:88,(anonymous_4)
FN:91,(anonymous_5)
FN:122,(anonymous_6)
FN:124,(anonymous_7)
FN:136,(anonymous_8)
FN:145,(anonymous_9)
FN:146,(anonymous_10)
FN:170,(anonymous_11)
FN:180,(anonymous_12)
FN:181,(anonymous_13)
FN:195,(anonymous_14)
FN:216,(anonymous_15)
FN:217,(anonymous_16)
FN:232,(anonymous_17)
FN:240,(anonymous_18)
FN:242,(anonymous_19)
FN:270,(anonymous_20)
FN:284,(anonymous_21)
FN:311,(anonymous_22)
FN:333,(anonymous_23)
FN:357,(anonymous_24)
FN:377,(anonymous_25)
FN:392,(anonymous_26)
FN:403,(anonymous_27)
FN:405,(anonymous_28)
FN:406,(anonymous_29)
FN:418,(anonymous_30)
FN:425,(anonymous_31)
FN:426,(anonymous_32)
FN:439,(anonymous_33)
FN:462,(anonymous_34)
FN:485,(anonymous_35)
FN:502,(anonymous_36)
FN:516,(anonymous_37)
FN:561,(anonymous_38)
FN:576,(anonymous_39)
FN:601,(anonymous_40)
FN:617,(anonymous_41)
FN:618,(anonymous_42)
FN:620,(anonymous_43)
FN:621,(anonymous_44)
FN:622,(anonymous_45)
FN:630,(anonymous_46)
FN:631,(anonymous_47)
FN:632,(anonymous_48)
FN:647,(anonymous_49)
FN:648,(anonymous_50)
FN:649,(anonymous_51)
FN:666,(anonymous_52)
FNF:53
FNH:0
FNDA:0,(anonymous_0)
FNDA:0,(anonymous_1)
FNDA:0,(anonymous_2)
FNDA:0,(anonymous_3)
FNDA:0,(anonymous_4)
FNDA:0,(anonymous_5)
FNDA:0,(anonymous_6)
FNDA:0,(anonymous_7)
FNDA:0,(anonymous_8)
FNDA:0,(anonymous_9)
FNDA:0,(anonymous_10)
FNDA:0,(anonymous_11)
FNDA:0,(anonymous_12)
FNDA:0,(anonymous_13)
FNDA:0,(anonymous_14)
FNDA:0,(anonymous_15)
FNDA:0,(anonymous_16)
FNDA:0,(anonymous_17)
FNDA:0,(anonymous_18)
FNDA:0,(anonymous_19)
FNDA:0,(anonymous_20)
FNDA:0,(anonymous_21)
FNDA:0,(anonymous_22)
FNDA:0,(anonymous_23)
FNDA:0,(anonymous_24)
FNDA:0,(anonymous_25)
FNDA:0,(anonymous_26)
FNDA:0,(anonymous_27)
FNDA:0,(anonymous_28)
FNDA:0,(anonymous_29)
FNDA:0,(anonymous_30)
FNDA:0,(anonymous_31)
FNDA:0,(anonymous_32)
FNDA:0,(anonymous_33)
FNDA:0,(anonymous_34)
FNDA:0,(anonymous_35)
FNDA:0,(anonymous_36)
FNDA:0,(anonymous_37)
FNDA:0,(anonymous_38)
FNDA:0,(anonymous_39)
FNDA:0,(anonymous_40)
FNDA:0,(anonymous_41)
FNDA:0,(anonymous_42)
FNDA:0,(anonymous_43)
FNDA:0,(anonymous_44)
FNDA:0,(anonymous_45)
FNDA:0,(anonymous_46)
FNDA:0,(anonymous_47)
FNDA:0,(anonymous_48)
FNDA:0,(anonymous_49)
FNDA:0,(anonymous_50)
FNDA:0,(anonymous_51)
FNDA:0,(anonymous_52)
DA:7,0
DA:8,0
DA:9,0
DA:10,0
DA:13,0
DA:14,0
DA:15,0
DA:16,0
DA:19,0
DA:20,0
DA:23,0
DA:24,0
DA:28,0
DA:29,0
DA:30,0
DA:31,0
DA:32,0
DA:33,0
DA:34,0
DA:41,0
DA:43,0
DA:44,0
DA:46,0
DA:50,0
DA:51,0
DA:52,0
DA:55,0
DA:56,0
DA:58,0
DA:60,0
DA:65,0
DA:66,0
DA:69,0
DA:71,0
DA:76,0
DA:78,0
DA:80,0
DA:81,0
DA:89,0
DA:90,0
DA:91,0
DA:93,0
DA:94,0
DA:95,0
DA:96,0
DA:97,0
DA:99,0
DA:107,0
DA:112,0
DA:113,0
DA:115,0
DA:123,0
DA:124,0
DA:137,0
DA:139,0
DA:140,0
DA:144,0
DA:145,0
DA:146,0
DA:147,0
DA:150,0
DA:151,0
DA:160,0
DA:161,0
DA:163,0
DA:164,0
DA:171,0
DA:173,0
DA:174,0
DA:175,0
DA:179,0
DA:180,0
DA:181,0
DA:182,0
DA:185,0
DA:186,0
DA:188,0
DA:189,0
DA:196,0
DA:197,0
DA:198,0
DA:201,0
DA:202,0
DA:206,0
DA:207,0
DA:210,0
DA:211,0
DA:215,0
DA:216,0
DA:217,0
DA:218,0
DA:221,0
DA:222,0
DA:223,0
DA:225,0
DA:226,0
DA:233,0
DA:234,0
DA:235,0
DA:239,0
DA:240,0
DA:241,0
DA:242,0
DA:244,0
DA:245,0
DA:248,0
DA:250,0
DA:251,0
DA:255,0
DA:256,0
DA:260,0
DA:261,0
DA:263,0
DA:264,0
DA:271,0
DA:272,0
DA:273,0
DA:274,0
DA:276,0
DA:278,0
DA:285,0
DA:286,0
DA:289,0
DA:290,0
DA:291,0
DA:294,0
DA:295,0
DA:299,0
DA:300,0
DA:312,0
DA:314,0
DA:317,0
DA:326,0
DA:327,0
DA:334,0
DA:335,0
DA:336,0
DA:339,0
DA:340,0
DA:343,0
DA:344,0
DA:347,0
DA:348,0
DA:350,0
DA:351,0
DA:358,0
DA:359,0
DA:360,0
DA:363,0
DA:364,0
DA:367,0
DA:368,0
DA:370,0
DA:371,0
DA:378,0
DA:379,0
DA:382,0
DA:383,0
DA:385,0
DA:386,0
DA:393,0
DA:404,0
DA:405,0
DA:406,0
DA:407,0
DA:408,0
DA:412,0
DA:419,0
DA:421,0
DA:422,0
DA:423,0
DA:425,0
DA:426,0
DA:427,0
DA:428,0
DA:433,0
DA:440,0
DA:441,0
DA:442,0
DA:445,0
DA:446,0
DA:447,0
DA:449,0
DA:451,0
DA:454,0
DA:455,0
DA:456,0
DA:463,0
DA:464,0
DA:465,0
DA:468,0
DA:469,0
DA:470,0
DA:472,0
DA:474,0
DA:477,0
DA:478,0
DA:479,0
DA:486,0
DA:487,0
DA:489,0
DA:490,0
DA:492,0
DA:493,0
DA:496,0
DA:503,0
DA:504,0
DA:506,0
DA:507,0
DA:509,0
DA:518,0
DA:519,0
DA:523,0
DA:524,0
DA:525,0
DA:526,0
DA:527,0
DA:528,0
DA:529,0
DA:530,0
DA:532,0
DA:535,0
DA:536,0
DA:539,0
DA:541,0
DA:542,0
DA:543,0
DA:547,0
DA:548,0
DA:554,0
DA:555,0
DA:562,0
DA:563,0
DA:565,0
DA:566,0
DA:567,0
DA:570,0
DA:577,0
DA:578,0
DA:579,0
DA:580,0
DA:581,0
DA:582,0
DA:585,0
DA:588,0
DA:589,0
DA:590,0
DA:591,0
DA:592,0
DA:595,0
DA:602,0
DA:603,0
DA:604,0
DA:605,0
DA:618,0
DA:619,0
DA:620,0
DA:621,0
DA:622,0
DA:630,0
DA:631,0
DA:632,0
DA:641,0
DA:645,0
DA:646,0
DA:647,0
DA:648,0
DA:649,0
DA:657,0
DA:667,0
DA:668,0
DA:673,0
LF:272
LH:0
BRDA:27,0,0,0
BRDA:58,1,0,0
BRDA:58,1,1,0
BRDA:91,2,0,0
BRDA:91,2,1,0
BRDA:94,3,0,0
BRDA:94,3,1,0
BRDA:100,4,0,0
BRDA:100,4,1,0
BRDA:103,5,0,0
BRDA:103,5,1,0
BRDA:136,6,0,0
BRDA:139,7,0,0
BRDA:139,7,1,0
BRDA:139,8,0,0
BRDA:139,8,1,0
BRDA:146,9,0,0
BRDA:146,9,1,0
BRDA:174,10,0,0
BRDA:174,10,1,0
BRDA:180,11,0,0
BRDA:180,11,1,0
BRDA:181,12,0,0
BRDA:181,12,1,0
BRDA:197,13,0,0
BRDA:197,13,1,0
BRDA:201,14,0,0
BRDA:201,14,1,0
BRDA:201,15,0,0
BRDA:201,15,1,0
BRDA:206,16,0,0
BRDA:206,16,1,0
BRDA:210,17,0,0
BRDA:210,17,1,0
BRDA:210,18,0,0
BRDA:210,18,1,0
BRDA:216,19,0,0
BRDA:216,19,1,0
BRDA:217,20,0,0
BRDA:217,20,1,0
BRDA:232,21,0,0
BRDA:234,22,0,0
BRDA:234,22,1,0
BRDA:244,23,0,0
BRDA:244,23,1,0
BRDA:244,24,0,0
BRDA:244,24,1,0
BRDA:244,24,2,0
BRDA:248,25,0,0
BRDA:248,25,1,0
BRDA:273,26,0,0
BRDA:273,26,1,0
BRDA:276,27,0,0
BRDA:276,27,1,0
BRDA:285,28,0,0
BRDA:285,28,1,0
BRDA:285,29,0,0
BRDA:285,29,1,0
BRDA:290,30,0,0
BRDA:290,30,1,0
BRDA:294,31,0,0
BRDA:294,31,1,0
BRDA:299,32,0,0
BRDA:299,32,1,0
BRDA:312,33,0,0
BRDA:312,33,1,0
BRDA:335,34,0,0
BRDA:335,34,1,0
BRDA:339,35,0,0
BRDA:339,35,1,0
BRDA:339,36,0,0
BRDA:339,36,1,0
BRDA:343,37,0,0
BRDA:343,37,1,0
BRDA:359,38,0,0
BRDA:359,38,1,0
BRDA:363,39,0,0
BRDA:363,39,1,0
BRDA:363,40,0,0
BRDA:363,40,1,0
BRDA:378,41,0,0
BRDA:378,41,1,0
BRDA:393,42,0,0
BRDA:393,42,1,0
BRDA:407,43,0,0
BRDA:407,43,1,0
BRDA:419,44,0,0
BRDA:419,44,1,0
BRDA:427,45,0,0
BRDA:427,45,1,0
BRDA:441,46,0,0
BRDA:441,46,1,0
BRDA:445,47,0,0
BRDA:445,47,1,0
BRDA:446,48,0,0
BRDA:446,48,1,0
BRDA:455,49,0,0
BRDA:455,49,1,0
BRDA:464,50,0,0
BRDA:464,50,1,0
BRDA:468,51,0,0
BRDA:468,51,1,0
BRDA:469,52,0,0
BRDA:469,52,1,0
BRDA:478,53,0,0
BRDA:478,53,1,0
BRDA:487,54,0,0
BRDA:487,54,1,0
BRDA:490,55,0,0
BRDA:490,55,1,0
BRDA:506,56,0,0
BRDA:506,56,1,0
BRDA:506,57,0,0
BRDA:506,57,1,0
BRDA:518,58,0,0
BRDA:518,58,1,0
BRDA:523,59,0,0
BRDA:523,59,1,0
BRDA:525,60,0,0
BRDA:525,60,1,0
BRDA:527,61,0,0
BRDA:527,61,1,0
BRDA:529,62,0,0
BRDA:529,62,1,0
BRDA:535,63,0,0
BRDA:535,63,1,0
BRDA:542,64,0,0
BRDA:542,64,1,0
BRDA:563,65,0,0
BRDA:563,65,1,0
BRDA:565,66,0,0
BRDA:565,66,1,0
BRDA:570,67,0,0
BRDA:570,67,1,0
BRDA:577,68,0,0
BRDA:577,68,1,0
BRDA:579,69,0,0
BRDA:579,69,1,0
BRDA:580,70,0,0
BRDA:580,70,1,0
BRDA:582,71,0,0
BRDA:582,71,1,0
BRDA:585,72,0,0
BRDA:585,72,1,0
BRDA:591,73,0,0
BRDA:591,73,1,0
BRDA:591,74,0,0
BRDA:591,74,1,0
BRDA:592,75,0,0
BRDA:592,75,1,0
BRDA:604,76,0,0
BRDA:604,76,1,0
BRDA:636,77,0,0
BRDA:636,77,1,0
BRDA:667,78,0,0
BRDA:667,78,1,0
BRF:156
BRH:0
end_of_record
TN:
SF:services/metrics-service.js
FN:111,metricsMiddleware
FN:114,(anonymous_1)
FN:147,(anonymous_2)
FN:151,(anonymous_3)
FN:154,(anonymous_4)
FN:159,(anonymous_5)
FN:162,(anonymous_6)
FN:165,(anonymous_7)
FN:170,(anonymous_8)
FN:173,(anonymous_9)
FN:178,(anonymous_10)
FN:181,(anonymous_11)
FN:184,(anonymous_12)
FN:189,(anonymous_13)
FN:192,(anonymous_14)
FN:200,(anonymous_15)
FNF:16
FNH:0
FNDA:0,metricsMiddleware
FNDA:0,(anonymous_1)
FNDA:0,(anonymous_2)
FNDA:0,(anonymous_3)
FNDA:0,(anonymous_4)
FNDA:0,(anonymous_5)
FNDA:0,(anonymous_6)
FNDA:0,(anonymous_7)
FNDA:0,(anonymous_8)
FNDA:0,(anonymous_9)
FNDA:0,(anonymous_10)
FNDA:0,(anonymous_11)
FNDA:0,(anonymous_12)
FNDA:0,(anonymous_13)
FNDA:0,(anonymous_14)
FNDA:0,(anonymous_15)
DA:6,0
DA:9,0
DA:12,0
DA:19,0
DA:25,0
DA:27,0
DA:32,0
DA:35,0
DA:39,0
DA:41,0
DA:45,0
DA:47,0
DA:51,0
DA:54,0
DA:58,0
DA:60,0
DA:64,0
DA:67,0
DA:71,0
DA:73,0
DA:78,0
DA:81,0
DA:86,0
DA:88,0
DA:94,0
DA:97,0
DA:102,0
DA:112,0
DA:114,0
DA:115,0
DA:116,0
DA:119,0
DA:121,0
DA:122,0
DA:123,0
DA:125,0
DA:131,0
DA:132,0
DA:135,0
DA:142,0
DA:148,0
DA:149,0
DA:152,0
DA:155,0
DA:160,0
DA:163,0
DA:166,0
DA:171,0
DA:174,0
DA:179,0
DA:182,0
DA:185,0
DA:190,0
DA:193,0
DA:194,0
DA:195,0
DA:196,0
DA:201,0
DA:205,0
LF:59
LH:0
BRDA:119,0,0,0
BRDA:119,0,1,0
BRDA:192,1,0,0
BRDA:196,2,0,0
BRDA:196,2,1,0
BRF:5
BRH:0
end_of_record
TN:
SF:services/player-management-service.js
FN:12,(anonymous_0)
FN:28,(anonymous_1)
FN:78,(anonymous_2)
FN:109,(anonymous_3)
FN:115,(anonymous_4)
FN:135,(anonymous_5)
FN:155,(anonymous_6)
FN:174,(anonymous_7)
FN:178,(anonymous_8)
FN:196,(anonymous_9)
FN:242,(anonymous_10)
FN:258,(anonymous_11)
FN:285,(anonymous_12)
FN:293,(anonymous_13)
FN:301,(anonymous_14)
FN:310,(anonymous_15)
FN:319,(anonymous_16)
FN:320,(anonymous_17)
FNF:18
FNH:0
FNDA:0,(anonymous_0)
FNDA:0,(anonymous_1)
FNDA:0,(anonymous_2)
FNDA:0,(anonymous_3)
FNDA:0,(anonymous_4)
FNDA:0,(anonymous_5)
FNDA:0,(anonymous_6)
FNDA:0,(anonymous_7)
FNDA:0,(anonymous_8)
FNDA:0,(anonymous_9)
FNDA:0,(anonymous_10)
FNDA:0,(anonymous_11)
FNDA:0,(anonymous_12)
FNDA:0,(anonymous_13)
FNDA:0,(anonymous_14)
FNDA:0,(anonymous_15)
FNDA:0,(anonymous_16)
FNDA:0,(anonymous_17)
DA:13,0
DA:14,0
DA:15,0
DA:30,0
DA:31,0
DA:38,0
DA:39,0
DA:47,0
DA:48,0
DA:55,0
DA:56,0
DA:63,0
DA:64,0
DA:71,0
DA:72,0
DA:75,0
DA:78,0
DA:84,0
DA:91,0
DA:95,0
DA:97,0
DA:110,0
DA:112,0
DA:113,0
DA:115,0
DA:121,0
DA:126,0
DA:132,0
DA:133,0
DA:134,0
DA:135,0
DA:137,0
DA:143,0
DA:147,0
DA:156,0
DA:159,0
DA:162,0
DA:163,0
DA:164,0
DA:168,0
DA:173,0
DA:174,0
DA:175,0
DA:178,0
DA:179,0
DA:180,0
DA:184,0
DA:198,0
DA:199,0
DA:202,0
DA:205,0
DA:206,0
DA:213,0
DA:214,0
DA:218,0
DA:219,0
DA:223,0
DA:224,0
DA:228,0
DA:229,0
DA:230,0
DA:233,0
DA:236,0
DA:237,0
DA:241,0
DA:242,0
DA:244,0
DA:245,0
DA:249,0
DA:250,0
DA:251,0
DA:255,0
DA:258,0
DA:264,0
DA:271,0
DA:275,0
DA:277,0
DA:286,0
DA:294,0
DA:302,0
DA:311,0
DA:320,0
DA:328,0
LF:83
LH:0
BRDA:30,0,0,0
BRDA:30,0,1,0
BRDA:30,1,0,0
BRDA:30,1,1,0
BRDA:30,1,2,0
BRDA:30,1,3,0
BRDA:38,2,0,0
BRDA:38,2,1,0
BRDA:38,3,0,0
BRDA:38,3,1,0
BRDA:47,4,0,0
BRDA:47,4,1,0
BRDA:55,5,0,0
BRDA:55,5,1,0
BRDA:63,6,0,0
BRDA:63,6,1,0
BRDA:112,7,0,0
BRDA:112,7,1,0
BRDA:112,8,0,0
BRDA:112,8,1,0
BRDA:132,9,0,0
BRDA:132,9,1,0
BRDA:132,10,0,0
BRDA:132,10,1,0
BRDA:135,11,0,0
BRDA:135,11,1,0
BRDA:162,12,0,0
BRDA:162,12,1,0
BRDA:162,13,0,0
BRDA:162,13,1,0
BRDA:198,14,0,0
BRDA:198,14,1,0
BRDA:198,15,0,0
BRDA:198,15,1,0
BRDA:205,16,0,0
BRDA:205,16,1,0
BRDA:205,17,0,0
BRDA:205,17,1,0
BRDA:213,18,0,0
BRDA:213,18,1,0
BRDA:218,19,0,0
BRDA:218,19,1,0
BRDA:223,20,0,0
BRDA:223,20,1,0
BRDA:229,21,0,0
BRDA:229,21,1,0
BRDA:236,22,0,0
BRDA:236,22,1,0
BRDA:242,23,0,0
BRDA:242,23,1,0
BRDA:244,24,0,0
BRDA:244,24,1,0
BRDA:250,25,0,0
BRDA:250,25,1,0
BRF:54
BRH:0
end_of_record
TN:
SF:services/qr-service.js
FN:11,(anonymous_0)
FN:28,(anonymous_1)
FN:48,(anonymous_2)
FN:53,(anonymous_3)
FN:58,(anonymous_4)
FN:76,(anonymous_5)
FN:105,(anonymous_6)
FN:166,(anonymous_7)
FNF:8
FNH:0
FNDA:0,(anonymous_0)
FNDA:0,(anonymous_1)
FNDA:0,(anonymous_2)
FNDA:0,(anonymous_3)
FNDA:0,(anonymous_4)
FNDA:0,(anonymous_5)
FNDA:0,(anonymous_6)
FNDA:0,(anonymous_7)
DA:7,0
DA:8,0
DA:12,0
DA:13,0
DA:16,0
DA:17,0
DA:20,0
DA:21,0
DA:22,0
DA:29,0
DA:32,0
DA:33,0
DA:37,0
DA:38,0
DA:40,0
DA:41,0
DA:42,0
DA:44,0
DA:45,0
DA:48,0
DA:49,0
DA:54,0
DA:59,0
DA:63,0
DA:67,0
DA:68,0
DA:70,0
DA:77,0
DA:82,0
DA:84,0
DA:85,0
DA:86,0
DA:88,0
DA:89,0
DA:92,0
DA:93,0
DA:94,0
DA:95,0
DA:97,0
DA:98,0
DA:106,0
DA:107,0
DA:111,0
DA:113,0
DA:114,0
DA:115,0
DA:117,0
DA:118,0
DA:119,0
DA:123,0
DA:125,0
DA:136,0
DA:143,0
DA:149,0
DA:150,0
DA:151,0
DA:152,0
DA:153,0
DA:158,0
DA:160,0
DA:167,0
DA:175,0
LF:62
LH:0
BRDA:11,0,0,0
BRDA:13,1,0,0
BRDA:13,1,1,0
BRDA:32,2,0,0
BRDA:32,2,1,0
BRDA:32,3,0,0
BRDA:32,3,1,0
BRDA:32,3,2,0
BRDA:40,4,0,0
BRDA:40,4,1,0
BRDA:48,5,0,0
BRDA:48,5,1,0
BRDA:48,5,2,0
BRDA:48,5,3,0
BRDA:49,6,0,0
BRDA:49,6,1,0
BRDA:49,6,2,0
BRDA:54,7,0,0
BRDA:54,7,1,0
BRDA:54,7,2,0
BRDA:59,8,0,0
BRDA:59,8,1,0
BRDA:77,9,0,0
BRDA:77,9,1,0
BRDA:77,9,2,0
BRDA:77,9,3,0
BRDA:82,10,0,0
BRDA:82,10,1,0
BRDA:85,11,0,0
BRDA:85,11,1,0
BRDA:85,12,0,0
BRDA:85,12,1,0
BRDA:93,13,0,0
BRDA:93,13,1,0
BRDA:94,14,0,0
BRDA:94,14,1,0
BRDA:106,15,0,0
BRDA:106,15,1,0
BRDA:111,16,0,0
BRDA:111,16,1,0
BRDA:111,17,0,0
BRDA:111,17,1,0
BRDA:117,18,0,0
BRDA:117,18,1,0
BRDA:117,19,0,0
BRDA:117,19,1,0
BRDA:149,20,0,0
BRDA:149,20,1,0
BRDA:152,21,0,0
BRDA:152,21,1,0
BRDA:166,22,0,0
BRF:51
BRH:0
end_of_record
TN:
SF:services/question-flow-service.js
FN:12,(anonymous_0)
FN:27,(anonymous_1)
FN:52,(anonymous_2)
FN:77,(anonymous_3)
FN:100,(anonymous_4)
FN:156,(anonymous_5)
FN:165,(anonymous_6)
FN:180,(anonymous_7)
FN:181,(anonymous_8)
FN:197,(anonymous_9)
FN:198,(anonymous_10)
FN:228,(anonymous_11)
FN:234,(anonymous_12)
FN:268,(anonymous_13)
FNF:14
FNH:0
FNDA:0,(anonymous_0)
FNDA:0,(anonymous_1)
FNDA:0,(anonymous_2)
FNDA:0,(anonymous_3)
FNDA:0,(anonymous_4)
FNDA:0,(anonymous_5)
FNDA:0,(anonymous_6)
FNDA:0,(anonymous_7)
FNDA:0,(anonymous_8)
FNDA:0,(anonymous_9)
FNDA:0,(anonymous_10)
FNDA:0,(anonymous_11)
FNDA:0,(anonymous_12)
FNDA:0,(anonymous_13)
DA:13,0
DA:14,0
DA:28,0
DA:29,0
DA:30,0
DA:33,0
DA:34,0
DA:36,0
DA:40,0
DA:44,0
DA:47,0
DA:50,0
DA:51,0
DA:52,0
DA:54,0
DA:57,0
DA:58,0
DA:62,0
DA:66,0
DA:68,0
DA:79,0
DA:80,0
DA:81,0
DA:83,0
DA:85,0
DA:88,0
DA:89,0
DA:90,0
DA:93,0
DA:94,0
DA:95,0
DA:100,0
DA:101,0
DA:102,0
DA:104,0
DA:105,0
DA:106,0
DA:107,0
DA:111,0
DA:114,0
DA:115,0
DA:116,0
DA:117,0
DA:118,0
DA:122,0
DA:125,0
DA:131,0
DA:132,0
DA:133,0
DA:137,0
DA:140,0
DA:143,0
DA:145,0
DA:146,0
DA:157,0
DA:166,0
DA:167,0
DA:169,0
DA:171,0
DA:174,0
DA:177,0
DA:179,0
DA:180,0
DA:181,0
DA:183,0
DA:186,0
DA:187,0
DA:190,0
DA:191,0
DA:194,0
DA:196,0
DA:197,0
DA:198,0
DA:200,0
DA:203,0
DA:204,0
DA:207,0
DA:216,0
DA:217,0
DA:220,0
DA:230,0
DA:231,0
DA:232,0
DA:234,0
DA:235,0
DA:237,0
DA:238,0
DA:248,0
DA:260,0
DA:269,0
DA:273,0
LF:91
LH:0
BRDA:28,0,0,0
BRDA:28,0,1,0
BRDA:33,1,0,0
BRDA:33,1,1,0
BRDA:33,2,0,0
BRDA:33,2,1,0
BRDA:37,3,0,0
BRDA:37,3,1,0
BRDA:38,4,0,0
BRDA:38,4,1,0
BRDA:57,5,0,0
BRDA:57,5,1,0
BRDA:66,6,0,0
BRDA:66,6,1,0
BRDA:66,7,0,0
BRDA:66,7,1,0
BRDA:66,7,2,0
BRDA:66,7,3,0
BRDA:79,8,0,0
BRDA:79,8,1,0
BRDA:88,9,0,0
BRDA:88,9,1,0
BRDA:93,10,0,0
BRDA:93,10,1,0
BRDA:104,11,0,0
BRDA:104,11,1,0
BRDA:115,12,0,0
BRDA:115,12,1,0
BRDA:131,13,0,0
BRDA:131,13,1,0
BRDA:169,14,0,0
BRDA:169,14,1,0
BRDA:169,14,2,0
BRDA:169,14,3,0
BRDA:169,14,4,0
BRDA:169,14,5,0
BRDA:169,15,0,0
BRDA:169,15,1,0
BRDA:171,16,0,0
BRDA:171,16,1,0
BRDA:171,17,0,0
BRDA:171,17,1,0
BRDA:177,18,0,0
BRDA:177,18,1,0
BRDA:180,19,0,0
BRDA:180,19,1,0
BRDA:180,19,2,0
BRDA:194,20,0,0
BRDA:194,20,1,0
BRDA:197,21,0,0
BRDA:197,21,1,0
BRDA:197,21,2,0
BRDA:210,22,0,0
BRDA:210,22,1,0
BRDA:211,23,0,0
BRDA:211,23,1,0
BRDA:212,24,0,0
BRDA:212,24,1,0
BRDA:216,25,0,0
BRDA:216,25,1,0
BRDA:217,26,0,0
BRDA:217,26,1,0
BRDA:231,27,0,0
BRDA:231,27,1,0
BRDA:237,28,0,0
BRDA:237,28,1,0
BRF:66
BRH:0
end_of_record
TN:
SF:services/question-type-service.js
FN:14,(anonymous_0)
FN:17,(anonymous_1)
FN:28,(anonymous_2)
FN:41,(anonymous_3)
FN:47,(anonymous_4)
FN:57,(anonymous_5)
FN:64,(anonymous_6)
FN:68,(anonymous_7)
FN:69,(anonymous_8)
FN:73,(anonymous_9)
FN:78,(anonymous_10)
FN:88,(anonymous_11)
FN:90,(anonymous_12)
FN:102,(anonymous_13)
FN:115,(anonymous_14)
FN:127,(anonymous_15)
FN:147,(anonymous_16)
FN:177,(anonymous_17)
FN:189,(anonymous_18)
FN:199,(anonymous_19)
FN:216,(anonymous_20)
FN:240,(anonymous_21)
FNF:22
FNH:21
FNDA:1,(anonymous_0)
FNDA:0,(anonymous_1)
FNDA:5,(anonymous_2)
FNDA:5,(anonymous_3)
FNDA:3,(anonymous_4)
FNDA:4,(anonymous_5)
FNDA:5,(anonymous_6)
FNDA:5,(anonymous_7)
FNDA:5,(anonymous_8)
FNDA:5,(anonymous_9)
FNDA:4,(anonymous_10)
FNDA:6,(anonymous_11)
FNDA:12,(anonymous_12)
FNDA:6,(anonymous_13)
FNDA:12,(anonymous_14)
FNDA:4,(anonymous_15)
FNDA:7,(anonymous_16)
FNDA:57,(anonymous_17)
FNDA:6,(anonymous_18)
FNDA:22,(anonymous_19)
FNDA:35,(anonymous_20)
FNDA:1,(anonymous_21)
DA:11,1
DA:13,1
DA:15,1
DA:19,0
DA:26,1
DA:29,5
DA:30,1
DA:32,4
DA:33,1
DA:35,3
DA:36,1
DA:38,2
DA:42,5
DA:48,3
DA:49,0
DA:51,3
DA:52,0
DA:54,3
DA:55,1
DA:57,4
DA:58,2
DA:59,1
DA:61,1
DA:65,5
DA:66,0
DA:68,5
DA:69,5
DA:70,5
DA:71,2
DA:73,5
DA:79,4
DA:80,1
DA:82,3
DA:83,1
DA:85,2
DA:90,6
DA:91,12
DA:92,3
DA:93,3
DA:95,0
DA:97,6
DA:103,6
DA:104,1
DA:106,5
DA:107,0
DA:109,5
DA:110,1
DA:112,4
DA:116,12
DA:117,12
DA:118,12
DA:119,2
DA:121,10
DA:122,10
DA:128,4
DA:129,0
DA:131,4
DA:132,1
DA:134,3
DA:135,1
DA:137,2
DA:138,1
DA:140,1
DA:148,7
DA:149,2
DA:151,5
DA:152,2
DA:156,3
DA:157,3
DA:158,10
DA:159,6
DA:164,3
DA:178,57
DA:179,57
DA:180,1
DA:181,1
DA:183,56
DA:190,6
DA:200,22
DA:201,22
DA:203,0
DA:204,0
DA:217,35
DA:218,35
DA:221,35
DA:222,2
DA:226,33
DA:227,7
DA:230,26
DA:232,0
DA:233,0
DA:241,1
DA:245,1
LF:93
LH:82
BRDA:11,0,0,1
BRDA:11,0,1,1
BRDA:15,1,0,1
BRDA:15,1,1,0
BRDA:29,2,0,1
BRDA:29,2,1,4
BRDA:29,3,0,5
BRDA:29,3,1,4
BRDA:32,4,0,1
BRDA:32,4,1,3
BRDA:35,5,0,1
BRDA:35,5,1,2
BRDA:35,6,0,3
BRDA:35,6,1,3
BRDA:35,6,2,3
BRDA:48,7,0,0
BRDA:48,7,1,3
BRDA:48,8,0,3
BRDA:48,8,1,3
BRDA:51,9,0,0
BRDA:51,9,1,3
BRDA:54,10,0,1
BRDA:54,10,1,2
BRDA:54,11,0,3
BRDA:54,11,1,3
BRDA:54,11,2,3
BRDA:57,12,0,4
BRDA:57,12,1,4
BRDA:58,13,0,1
BRDA:58,13,1,1
BRDA:65,14,0,0
BRDA:65,14,1,5
BRDA:65,15,0,5
BRDA:65,15,1,5
BRDA:70,16,0,2
BRDA:70,16,1,3
BRDA:79,17,0,1
BRDA:79,17,1,3
BRDA:79,18,0,4
BRDA:79,18,1,3
BRDA:82,19,0,1
BRDA:82,19,1,2
BRDA:91,20,0,9
BRDA:91,20,1,3
BRDA:92,21,0,3
BRDA:92,21,1,0
BRDA:103,22,0,1
BRDA:103,22,1,5
BRDA:103,23,0,6
BRDA:103,23,1,5
BRDA:106,24,0,0
BRDA:106,24,1,5
BRDA:109,25,0,1
BRDA:109,25,1,4
BRDA:109,26,0,5
BRDA:109,26,1,2
BRDA:109,26,2,2
BRDA:115,27,0,10
BRDA:118,28,0,2
BRDA:118,28,1,10
BRDA:118,29,0,12
BRDA:118,29,1,10
BRDA:128,30,0,0
BRDA:128,30,1,4
BRDA:128,31,0,4
BRDA:128,31,1,4
BRDA:131,32,0,1
BRDA:131,32,1,3
BRDA:134,33,0,1
BRDA:134,33,1,2
BRDA:134,34,0,3
BRDA:134,34,1,2
BRDA:137,35,0,1
BRDA:137,35,1,1
BRDA:147,36,0,0
BRDA:148,37,0,2
BRDA:148,37,1,5
BRDA:148,38,0,7
BRDA:148,38,1,6
BRDA:151,39,0,2
BRDA:151,39,1,3
BRDA:158,40,0,6
BRDA:158,40,1,4
BRDA:179,41,0,1
BRDA:179,41,1,56
BRDA:216,42,0,33
BRDA:221,43,0,2
BRDA:221,43,1,33
BRDA:221,44,0,35
BRDA:221,44,1,12
BRDA:226,45,0,7
BRDA:226,45,1,26
BRF:92
BRH:84
end_of_record
TN:
SF:services/quiz-service.js
FN:12,(anonymous_0)
FN:21,(anonymous_1)
FN:43,(anonymous_2)
FN:88,(anonymous_3)
FN:108,(anonymous_4)
FN:111,(anonymous_5)
FN:113,(anonymous_6)
FN:116,(anonymous_7)
FN:143,(anonymous_8)
FN:168,(anonymous_9)
FN:187,(anonymous_10)
FNF:11
FNH:0
FNDA:0,(anonymous_0)
FNDA:0,(anonymous_1)
FNDA:0,(anonymous_2)
FNDA:0,(anonymous_3)
FNDA:0,(anonymous_4)
FNDA:0,(anonymous_5)
FNDA:0,(anonymous_6)
FNDA:0,(anonymous_7)
FNDA:0,(anonymous_8)
FNDA:0,(anonymous_9)
FNDA:0,(anonymous_10)
DA:7,0
DA:8,0
DA:9,0
DA:13,0
DA:14,0
DA:15,0
DA:22,0
DA:23,0
DA:27,0
DA:28,0
DA:32,0
DA:33,0
DA:34,0
DA:37,0
DA:44,0
DA:45,0
DA:49,0
DA:50,0
DA:53,0
DA:54,0
DA:58,0
DA:59,0
DA:60,0
DA:61,0
DA:63,0
DA:64,0
DA:66,0
DA:67,0
DA:68,0
DA:69,0
DA:76,0
DA:77,0
DA:79,0
DA:87,0
DA:88,0
DA:96,0
DA:98,0
DA:110,0
DA:111,0
DA:113,0
DA:116,0
DA:117,0
DA:118,0
DA:121,0
DA:129,0
DA:130,0
DA:134,0
DA:135,0
DA:137,0
DA:145,0
DA:146,0
DA:149,0
DA:150,0
DA:153,0
DA:155,0
DA:156,0
DA:158,0
DA:161,0
DA:162,0
DA:170,0
DA:171,0
DA:174,0
DA:175,0
DA:178,0
DA:180,0
DA:181,0
DA:183,0
DA:186,0
DA:187,0
DA:191,0
DA:192,0
DA:196,0
LF:72
LH:0
BRDA:12,0,0,0
BRDA:22,1,0,0
BRDA:22,1,1,0
BRDA:22,2,0,0
BRDA:22,2,1,0
BRDA:27,3,0,0
BRDA:27,3,1,0
BRDA:27,4,0,0
BRDA:27,4,1,0
BRDA:27,4,2,0
BRDA:33,5,0,0
BRDA:33,5,1,0
BRDA:44,6,0,0
BRDA:44,6,1,0
BRDA:44,7,0,0
BRDA:44,7,1,0
BRDA:44,7,2,0
BRDA:49,8,0,0
BRDA:49,8,1,0
BRDA:53,9,0,0
BRDA:53,9,1,0
BRDA:60,10,0,0
BRDA:60,10,1,0
BRDA:60,11,0,0
BRDA:60,11,1,0
BRDA:63,12,0,0
BRDA:63,12,1,0
BRDA:63,13,0,0
BRDA:63,13,1,0
BRDA:66,14,0,0
BRDA:66,14,1,0
BRDA:66,15,0,0
BRDA:66,15,1,0
BRDA:68,16,0,0
BRDA:68,16,1,0
BRDA:68,17,0,0
BRDA:68,17,1,0
BRDA:145,18,0,0
BRDA:145,18,1,0
BRDA:149,19,0,0
BRDA:149,19,1,0
BRDA:170,20,0,0
BRDA:170,20,1,0
BRDA:174,21,0,0
BRDA:174,21,1,0
BRF:45
BRH:0
end_of_record
TN:
SF:services/results-service.js
FN:11,(anonymous_0)
FN:19,(anonymous_1)
FN:30,(anonymous_2)
FN:44,(anonymous_3)
FN:81,(anonymous_4)
FN:92,(anonymous_5)
FN:94,(anonymous_6)
FN:119,(anonymous_7)
FN:120,(anonymous_8)
FN:129,(anonymous_9)
FN:158,(anonymous_10)
FN:184,(anonymous_11)
FN:236,(anonymous_12)
FN:243,(anonymous_13)
FN:245,(anonymous_14)
FN:257,(anonymous_15)
FN:264,(anonymous_16)
FN:312,(anonymous_17)
FN:325,(anonymous_18)
FN:341,(anonymous_19)
FN:344,(anonymous_20)
FN:352,(anonymous_21)
FN:379,(anonymous_22)
FN:444,(anonymous_23)
FN:445,(anonymous_24)
FN:451,(anonymous_25)
FN:477,(anonymous_26)
FN:480,(anonymous_27)
FN:502,(anonymous_28)
FN:506,(anonymous_29)
FN:527,(anonymous_30)
FN:553,(anonymous_31)
FNF:32
FNH:0
FNDA:0,(anonymous_0)
FNDA:0,(anonymous_1)
FNDA:0,(anonymous_2)
FNDA:0,(anonymous_3)
FNDA:0,(anonymous_4)
FNDA:0,(anonymous_5)
FNDA:0,(anonymous_6)
FNDA:0,(anonymous_7)
FNDA:0,(anonymous_8)
FNDA:0,(anonymous_9)
FNDA:0,(anonymous_10)
FNDA:0,(anonymous_11)
FNDA:0,(anonymous_12)
FNDA:0,(anonymous_13)
FNDA:0,(anonymous_14)
FNDA:0,(anonymous_15)
FNDA:0,(anonymous_16)
FNDA:0,(anonymous_17)
FNDA:0,(anonymous_18)
FNDA:0,(anonymous_19)
FNDA:0,(anonymous_20)
FNDA:0,(anonymous_21)
FNDA:0,(anonymous_22)
FNDA:0,(anonymous_23)
FNDA:0,(anonymous_24)
FNDA:0,(anonymous_25)
FNDA:0,(anonymous_26)
FNDA:0,(anonymous_27)
FNDA:0,(anonymous_28)
FNDA:0,(anonymous_29)
FNDA:0,(anonymous_30)
FNDA:0,(anonymous_31)
DA:7,0
DA:8,0
DA:12,0
DA:13,0
DA:20,0
DA:31,0
DA:32,0
DA:34,0
DA:35,0
DA:38,0
DA:45,0
DA:46,0
DA:49,0
DA:50,0
DA:60,0
DA:61,0
DA:64,0
DA:70,0
DA:72,0
DA:82,0
DA:84,0
DA:85,0
DA:87,0
DA:88,0
DA:91,0
DA:92,0
DA:94,0
DA:95,0
DA:96,0
DA:97,0
DA:98,0
DA:99,0
DA:101,0
DA:113,0
DA:114,0
DA:118,0
DA:119,0
DA:120,0
DA:122,0
DA:123,0
DA:130,0
DA:132,0
DA:133,0
DA:136,0
DA:137,0
DA:139,0
DA:140,0
DA:142,0
DA:143,0
DA:146,0
DA:147,0
DA:149,0
DA:159,0
DA:160,0
DA:163,0
DA:165,0
DA:166,0
DA:168,0
DA:171,0
DA:172,0
DA:173,0
DA:174,0
DA:176,0
DA:177,0
DA:185,0
DA:186,0
DA:189,0
DA:190,0
DA:193,0
DA:194,0
DA:197,0
DA:199,0
DA:200,0
DA:202,0
DA:206,0
DA:207,0
DA:208,0
DA:210,0
DA:211,0
DA:214,0
DA:215,0
DA:225,0
DA:237,0
DA:238,0
DA:240,0
DA:241,0
DA:243,0
DA:244,0
DA:245,0
DA:246,0
DA:247,0
DA:248,0
DA:249,0
DA:250,0
DA:253,0
DA:255,0
DA:256,0
DA:257,0
DA:259,0
DA:262,0
DA:263,0
DA:264,0
DA:266,0
DA:269,0
DA:271,0
DA:272,0
DA:273,0
DA:277,0
DA:278,0
DA:280,0
DA:281,0
DA:285,0
DA:286,0
DA:287,0
DA:289,0
DA:300,0
DA:306,0
DA:313,0
DA:315,0
DA:318,0
DA:319,0
DA:322,0
DA:325,0
DA:326,0
DA:327,0
DA:328,0
DA:329,0
DA:330,0
DA:334,0
DA:335,0
DA:336,0
DA:337,0
DA:338,0
DA:339,0
DA:341,0
DA:344,0
DA:345,0
DA:346,0
DA:349,0
DA:351,0
DA:352,0
DA:354,0
DA:356,0
DA:358,0
DA:359,0
DA:360,0
DA:363,0
DA:370,0
DA:371,0
DA:372,0
DA:373,0
DA:374,0
DA:375,0
DA:376,0
DA:379,0
DA:380,0
DA:382,0
DA:383,0
DA:384,0
DA:385,0
DA:388,0
DA:389,0
DA:390,0
DA:394,0
DA:395,0
DA:396,0
DA:398,0
DA:400,0
DA:402,0
DA:405,0
DA:406,0
DA:408,0
DA:411,0
DA:412,0
DA:413,0
DA:414,0
DA:416,0
DA:423,0
DA:424,0
DA:425,0
DA:426,0
DA:428,0
DA:438,0
DA:439,0
DA:440,0
DA:443,0
DA:444,0
DA:445,0
DA:446,0
DA:449,0
DA:450,0
DA:451,0
DA:453,0
DA:458,0
DA:459,0
DA:460,0
DA:461,0
DA:462,0
DA:463,0
DA:465,0
DA:469,0
DA:471,0
DA:478,0
DA:479,0
DA:480,0
DA:481,0
DA:482,0
DA:484,0
DA:487,0
DA:488,0
DA:489,0
DA:490,0
DA:491,0
DA:492,0
DA:493,0
DA:494,0
DA:496,0
DA:503,0
DA:504,0
DA:506,0
DA:507,0
DA:515,0
DA:518,0
DA:528,0
DA:529,0
DA:532,0
DA:535,0
DA:539,0
DA:542,0
DA:545,0
DA:554,0
DA:555,0
DA:558,0
DA:559,0
DA:563,0
DA:567,0
LF:236
LH:0
BRDA:11,0,0,0
BRDA:20,1,0,0
BRDA:20,1,1,0
BRDA:34,2,0,0
BRDA:34,2,1,0
BRDA:34,3,0,0
BRDA:34,3,1,0
BRDA:45,4,0,0
BRDA:45,4,1,0
BRDA:45,5,0,0
BRDA:45,5,1,0
BRDA:45,5,2,0
BRDA:60,6,0,0
BRDA:60,6,1,0
BRDA:60,7,0,0
BRDA:60,7,1,0
BRDA:60,7,2,0
BRDA:92,8,0,0
BRDA:92,8,1,0
BRDA:103,9,0,0
BRDA:103,9,1,0
BRDA:105,10,0,0
BRDA:105,10,1,0
BRDA:108,11,0,0
BRDA:108,11,1,0
BRDA:110,12,0,0
BRDA:110,12,1,0
BRDA:132,13,0,0
BRDA:132,13,1,0
BRDA:159,14,0,0
BRDA:159,14,1,0
BRDA:184,15,0,0
BRDA:185,16,0,0
BRDA:185,16,1,0
BRDA:189,17,0,0
BRDA:189,17,1,0
BRDA:193,18,0,0
BRDA:193,18,1,0
BRDA:214,19,0,0
BRDA:214,19,1,0
BRDA:217,20,0,0
BRDA:217,20,1,0
BRDA:220,21,0,0
BRDA:220,21,1,0
BRDA:240,22,0,0
BRDA:240,22,1,0
BRDA:241,23,0,0
BRDA:241,23,1,0
BRDA:244,24,0,0
BRDA:244,24,1,0
BRDA:244,25,0,0
BRDA:244,25,1,0
BRDA:246,26,0,0
BRDA:246,26,1,0
BRDA:248,27,0,0
BRDA:248,27,1,0
BRDA:248,28,0,0
BRDA:248,28,1,0
BRDA:248,28,2,0
BRDA:249,29,0,0
BRDA:249,29,1,0
BRDA:253,30,0,0
BRDA:253,30,1,0
BRDA:255,31,0,0
BRDA:255,31,1,0
BRDA:255,32,0,0
BRDA:255,32,1,0
BRDA:256,33,0,0
BRDA:256,33,1,0
BRDA:256,34,0,0
BRDA:256,34,1,0
BRDA:257,35,0,0
BRDA:257,35,1,0
BRDA:262,36,0,0
BRDA:262,36,1,0
BRDA:263,37,0,0
BRDA:263,37,1,0
BRDA:263,38,0,0
BRDA:263,38,1,0
BRDA:264,39,0,0
BRDA:264,39,1,0
BRDA:269,40,0,0
BRDA:269,40,1,0
BRDA:269,41,0,0
BRDA:269,41,1,0
BRDA:272,42,0,0
BRDA:272,42,1,0
BRDA:277,43,0,0
BRDA:277,43,1,0
BRDA:280,44,0,0
BRDA:280,44,1,0
BRDA:285,45,0,0
BRDA:285,45,1,0
BRDA:286,46,0,0
BRDA:286,46,1,0
BRDA:287,47,0,0
BRDA:287,47,1,0
BRDA:290,48,0,0
BRDA:290,48,1,0
BRDA:293,49,0,0
BRDA:293,49,1,0
BRDA:313,50,0,0
BRDA:313,50,1,0
BRDA:313,51,0,0
BRDA:313,51,1,0
BRDA:319,52,0,0
BRDA:319,52,1,0
BRDA:345,53,0,0
BRDA:345,53,1,0
BRDA:349,54,0,0
BRDA:349,54,1,0
BRDA:349,55,0,0
BRDA:349,55,1,0
BRDA:349,55,2,0
BRDA:351,56,0,0
BRDA:351,56,1,0
BRDA:351,57,0,0
BRDA:351,57,1,0
BRDA:352,58,0,0
BRDA:352,58,1,0
BRDA:356,59,0,0
BRDA:356,59,1,0
BRDA:356,60,0,0
BRDA:356,60,1,0
BRDA:356,60,2,0
BRDA:359,61,0,0
BRDA:359,61,1,0
BRDA:366,62,0,0
BRDA:366,62,1,0
BRDA:380,63,0,0
BRDA:380,63,1,0
BRDA:382,64,0,0
BRDA:382,64,1,0
BRDA:384,65,0,0
BRDA:384,65,1,0
BRDA:389,66,0,0
BRDA:389,66,1,0
BRDA:390,67,0,0
BRDA:390,67,1,0
BRDA:394,68,0,0
BRDA:394,68,1,0
BRDA:396,69,0,0
BRDA:396,69,1,0
BRDA:396,70,0,0
BRDA:396,70,1,0
BRDA:405,71,0,0
BRDA:405,71,1,0
BRDA:405,72,0,0
BRDA:405,72,1,0
BRDA:405,72,2,0
BRDA:408,73,0,0
BRDA:408,73,1,0
BRDA:411,74,0,0
BRDA:411,74,1,0
BRDA:412,75,0,0
BRDA:412,75,1,0
BRDA:414,76,0,0
BRDA:414,76,1,0
BRDA:438,77,0,0
BRDA:438,77,1,0
BRDA:439,78,0,0
BRDA:439,78,1,0
BRDA:445,79,0,0
BRDA:445,79,1,0
BRDA:446,80,0,0
BRDA:446,80,1,0
BRDA:450,81,0,0
BRDA:450,81,1,0
BRDA:451,82,0,0
BRDA:451,82,1,0
BRDA:453,83,0,0
BRDA:453,83,1,0
BRDA:480,84,0,0
BRDA:480,84,1,0
BRDA:482,85,0,0
BRDA:482,85,1,0
BRDA:489,86,0,0
BRDA:489,86,1,0
BRDA:494,87,0,0
BRDA:494,87,1,0
BRDA:494,88,0,0
BRDA:494,88,1,0
BRDA:508,89,0,0
BRDA:508,89,1,0
BRDA:511,90,0,0
BRDA:511,90,1,0
BRDA:512,91,0,0
BRDA:512,91,1,0
BRDA:513,92,0,0
BRDA:513,92,1,0
BRDA:528,93,0,0
BRDA:528,93,1,0
BRDA:528,94,0,0
BRDA:528,94,1,0
BRDA:539,95,0,0
BRDA:539,95,1,0
BRDA:554,96,0,0
BRDA:554,96,1,0
BRDA:554,97,0,0
BRDA:554,97,1,0
BRDA:558,98,0,0
BRDA:558,98,1,0
BRF:202
BRH:0
end_of_record
TN:
SF:services/socket-batch-service.js
FN:15,(anonymous_0)
FN:53,(anonymous_1)
FN:91,(anonymous_2)
FN:104,(anonymous_3)
FN:117,(anonymous_4)
FN:152,(anonymous_5)
FN:162,(anonymous_6)
FN:175,(anonymous_7)
FN:189,(anonymous_8)
FNF:9
FNH:0
FNDA:0,(anonymous_0)
FNDA:0,(anonymous_1)
FNDA:0,(anonymous_2)
FNDA:0,(anonymous_3)
FNDA:0,(anonymous_4)
FNDA:0,(anonymous_5)
FNDA:0,(anonymous_6)
FNDA:0,(anonymous_7)
FNDA:0,(anonymous_8)
DA:16,0
DA:17,0
DA:20,0
DA:21,0
DA:22,0
DA:25,0
DA:28,0
DA:31,0
DA:38,0
DA:55,0
DA:56,0
DA:57,0
DA:61,0
DA:62,0
DA:65,0
DA:68,0
DA:69,0
DA:72,0
DA:75,0
DA:77,0
DA:80,0
DA:83,0
DA:84,0
DA:85,0
DA:90,0
DA:91,0
DA:92,0
DA:94,0
DA:106,0
DA:107,0
DA:110,0
DA:119,0
DA:120,0
DA:121,0
DA:125,0
DA:126,0
DA:127,0
DA:131,0
DA:132,0
DA:134,0
DA:136,0
DA:139,0
DA:142,0
DA:146,0
DA:153,0
DA:154,0
DA:163,0
DA:164,0
DA:166,0
DA:167,0
DA:168,0
DA:176,0
DA:178,0
DA:179,0
DA:181,0
DA:182,0
DA:190,0
DA:191,0
DA:192,0
DA:193,0
DA:197,0
DA:207,0
LF:62
LH:0
BRDA:15,0,0,0
BRDA:20,1,0,0
BRDA:20,1,1,0
BRDA:21,2,0,0
BRDA:21,2,1,0
BRDA:53,3,0,0
BRDA:55,4,0,0
BRDA:55,4,1,0
BRDA:55,5,0,0
BRDA:55,5,1,0
BRDA:55,5,2,0
BRDA:61,6,0,0
BRDA:61,6,1,0
BRDA:68,7,0,0
BRDA:68,7,1,0
BRDA:75,8,0,0
BRDA:75,8,1,0
BRDA:75,9,0,0
BRDA:75,9,1,0
BRDA:83,10,0,0
BRDA:83,10,1,0
BRDA:90,11,0,0
BRDA:90,11,1,0
BRDA:106,12,0,0
BRDA:106,12,1,0
BRDA:119,13,0,0
BRDA:119,13,1,0
BRDA:126,14,0,0
BRDA:126,14,1,0
BRDA:126,15,0,0
BRDA:126,15,1,0
BRDA:132,16,0,0
BRDA:132,16,1,0
BRDA:134,17,0,0
BRDA:134,17,1,0
BRDA:166,18,0,0
BRDA:166,18,1,0
BRF:37
BRH:0
end_of_record
TN:
SF:services/validation-schemas.js
FN:140,validateBody
FN:141,(anonymous_1)
FN:145,(anonymous_2)
FN:170,validateParams
FN:171,(anonymous_4)
FN:175,(anonymous_5)
FN:200,validateQuery
FN:201,(anonymous_7)
FN:205,(anonymous_8)
FN:408,validateSocketEvent
FN:440,(anonymous_10)
FNF:11
FNH:2
FNDA:0,validateBody
FNDA:0,(anonymous_1)
FNDA:0,(anonymous_2)
FNDA:0,validateParams
FNDA:0,(anonymous_4)
FNDA:0,(anonymous_5)
FNDA:0,validateQuery
FNDA:0,(anonymous_7)
FNDA:0,(anonymous_8)
FNDA:8,validateSocketEvent
FNDA:3,(anonymous_10)
DA:6,1
DA:12,1
DA:23,1
DA:34,1
DA:44,1
DA:55,1
DA:67,1
DA:79,1
DA:87,1
DA:98,1
DA:105,1
DA:116,1
DA:121,1
DA:141,0
DA:142,0
DA:143,0
DA:144,0
DA:145,0
DA:149,0
DA:154,0
DA:155,0
DA:157,0
DA:171,0
DA:172,0
DA:173,0
DA:174,0
DA:175,0
DA:179,0
DA:184,0
DA:185,0
DA:187,0
DA:201,0
DA:202,0
DA:203,0
DA:204,0
DA:205,0
DA:209,0
DA:214,0
DA:215,0
DA:217,0
DA:229,1
DA:234,1
DA:238,1
DA:242,1
DA:246,1
DA:251,1
DA:257,1
DA:265,1
DA:269,1
DA:273,1
DA:277,1
DA:287,1
DA:298,1
DA:303,1
DA:307,1
DA:311,1
DA:315,1
DA:326,1
DA:332,1
DA:339,1
DA:350,1
DA:362,1
DA:375,1
DA:389,1
DA:397,1
DA:409,8
DA:428,8
DA:429,8
DA:430,1
DA:433,7
DA:434,7
DA:435,5
DA:438,2
DA:440,3
DA:447,1
LF:75
LH:48
BRDA:144,0,0,0
BRDA:144,0,1,0
BRDA:174,1,0,0
BRDA:174,1,1,0
BRDA:204,2,0,0
BRDA:204,2,1,0
BRDA:429,3,0,1
BRDA:429,3,1,7
BRDA:434,4,0,5
BRDA:434,4,1,2
BRF:10
BRH:4
end_of_record
